# JRE version: Java(TM) SE Runtime Environment (8.0_271-b09) (build 1.8.0_271-b09)
# Java VM: Java HotSpot(TM) 64-Bit Server VM (25.271-b09 mixed mode windows-amd64 compressed oops)
Heap:
 PSYoungGen      total 217088K, used 39080K [0x00000000eab00000, 0x00000000fed80000, 0x0000000100000000)
  eden space 103936K, 28% used [0x00000000eab00000,0x00000000ec851d78,0x00000000f1080000)
  from space 113152K, 8% used [0x00000000f1080000,0x00000000f1958658,0x00000000f7f00000)
  to   space 111104K, 0% used [0x00000000f8100000,0x00000000f8100000,0x00000000fed80000)
 ParOldGen       total 145408K, used 76410K [0x00000000c0000000, 0x00000000c8e00000, 0x00000000eab00000)
  object space 145408K, 52% used [0x00000000c0000000,0x00000000c4a9e9d8,0x00000000c8e00000)
 Metaspace       used 98153K, capacity 103996K, committed 104192K, reserved 1138688K
  class space    used 13215K, capacity 14232K, committed 14336K, reserved 1048576K
GC Heap History (10 events):
Event: 526.527 GC heap before
{Heap before GC invocations=55 (full 8):
 PSYoungGen      total 201216K, used 93184K [0x00000000eab00000, 0x00000000ffb80000, 0x0000000100000000)
  eden space 93184K, 100% used [0x00000000eab00000,0x00000000f0600000,0x00000000f0600000)
  from space 108032K, 0% used [0x00000000f0600000,0x00000000f0600000,0x00000000f6f80000)
  to   space 116224K, 0% used [0x00000000f8a00000,0x00000000f8a00000,0x00000000ffb80000)
 ParOldGen       total 145408K, used 145365K [0x00000000c0000000, 0x00000000c8e00000, 0x00000000eab00000)
  object space 145408K, 99% used [0x00000000c0000000,0x00000000c8df54b8,0x00000000c8e00000)
 Metaspace       used 93304K, capacity 98890K, committed 99328K, reserved 1134592K
  class space    used 12710K, capacity 13687K, committed 13824K, reserved 1048576K
Event: 526.720 GC heap after
Heap after GC invocations=55 (full 8):
 PSYoungGen      total 201216K, used 0K [0x00000000eab00000, 0x00000000ffb80000, 0x0000000100000000)
  eden space 93184K, 0% used [0x00000000eab00000,0x00000000eab00000,0x00000000f0600000)
  from space 108032K, 0% used [0x00000000f0600000,0x00000000f0600000,0x00000000f6f80000)
  to   space 116224K, 0% used [0x00000000f8a00000,0x00000000f8a00000,0x00000000ffb80000)
 ParOldGen       total 145408K, used 65493K [0x00000000c0000000, 0x00000000c8e00000, 0x00000000eab00000)
  object space 145408K, 45% used [0x00000000c0000000,0x00000000c3ff5798,0x00000000c8e00000)
 Metaspace       used 93304K, capacity 98890K, committed 99328K, reserved 1134592K
  class space    used 12710K, capacity 13687K, committed 13824K, reserved 1048576K
}
Event: 533.081 GC heap before
{Heap before GC invocations=56 (full 8):
 PSYoungGen      total 201216K, used 93184K [0x00000000eab00000, 0x00000000ffb80000, 0x0000000100000000)
  eden space 93184K, 100% used [0x00000000eab00000,0x00000000f0600000,0x00000000f0600000)
  from space 108032K, 0% used [0x00000000f0600000,0x00000000f0600000,0x00000000f6f80000)
  to   space 116224K, 0% used [0x00000000f8a00000,0x00000000f8a00000,0x00000000ffb80000)
 ParOldGen       total 145408K, used 65493K [0x00000000c0000000, 0x00000000c8e00000, 0x00000000eab00000)
  object space 145408K, 45% used [0x00000000c0000000,0x00000000c3ff5798,0x00000000c8e00000)
 Metaspace       used 96574K, capacity 102236K, committed 102528K, reserved 1138688K
  class space    used 13135K, capacity 14126K, committed 14208K, reserved 1048576K
Event: 533.091 GC heap after
Heap after GC invocations=56 (full 8):
 PSYoungGen      total 202752K, used 13166K [0x00000000eab00000, 0x00000000fef00000, 0x0000000100000000)
  eden space 99328K, 0% used [0x00000000eab00000,0x00000000eab00000,0x00000000f0c00000)
  from space 103424K, 12% used [0x00000000f8a00000,0x00000000f96db908,0x00000000fef00000)
  to   space 116224K, 0% used [0x00000000f0c00000,0x00000000f0c00000,0x00000000f7d80000)
 ParOldGen       total 145408K, used 65501K [0x00000000c0000000, 0x00000000c8e00000, 0x00000000eab00000)
  object space 145408K, 45% used [0x00000000c0000000,0x00000000c3ff7798,0x00000000c8e00000)
 Metaspace       used 96574K, capacity 102236K, committed 102528K, reserved 1138688K
  class space    used 13135K, capacity 14126K, committed 14208K, reserved 1048576K
}
Event: 1002.103 GC heap before
{Heap before GC invocations=57 (full 8):
 PSYoungGen      total 202752K, used 112494K [0x00000000eab00000, 0x00000000fef00000, 0x0000000100000000)
  eden space 99328K, 100% used [0x00000000eab00000,0x00000000f0c00000,0x00000000f0c00000)
  from space 103424K, 12% used [0x00000000f8a00000,0x00000000f96db908,0x00000000fef00000)
  to   space 116224K, 0% used [0x00000000f0c00000,0x00000000f0c00000,0x00000000f7d80000)
 ParOldGen       total 145408K, used 65501K [0x00000000c0000000, 0x00000000c8e00000, 0x00000000eab00000)
  object space 145408K, 45% used [0x00000000c0000000,0x00000000c3ff7798,0x00000000c8e00000)
 Metaspace       used 97434K, capacity 103150K, committed 103296K, reserved 1138688K
  class space    used 13202K, capacity 14185K, committed 14208K, reserved 1048576K
Event: 1002.217 GC heap after
Heap after GC invocations=57 (full 8):
 PSYoungGen      total 215552K, used 11635K [0x00000000eab00000, 0x00000000ff400000, 0x0000000100000000)
  eden space 99328K, 0% used [0x00000000eab00000,0x00000000eab00000,0x00000000f0c00000)
  from space 116224K, 10% used [0x00000000f0c00000,0x00000000f175cf70,0x00000000f7d80000)
  to   space 116224K, 0% used [0x00000000f8280000,0x00000000f8280000,0x00000000ff400000)
 ParOldGen       total 145408K, used 65509K [0x00000000c0000000, 0x00000000c8e00000, 0x00000000eab00000)
  object space 145408K, 45% used [0x00000000c0000000,0x00000000c3ff9798,0x00000000c8e00000)
 Metaspace       used 97434K, capacity 103150K, committed 103296K, reserved 1138688K
  class space    used 13202K, capacity 14185K, committed 14208K, reserved 1048576K
}
Event: 1034.227 GC heap before
{Heap before GC invocations=58 (full 8):
 PSYoungGen      total 215552K, used 110963K [0x00000000eab00000, 0x00000000ff400000, 0x0000000100000000)
  eden space 99328K, 100% used [0x00000000eab00000,0x00000000f0c00000,0x00000000f0c00000)
  from space 116224K, 10% used [0x00000000f0c00000,0x00000000f175cf70,0x00000000f7d80000)
  to   space 116224K, 0% used [0x00000000f8280000,0x00000000f8280000,0x00000000ff400000)
 ParOldGen       total 145408K, used 65509K [0x00000000c0000000, 0x00000000c8e00000, 0x00000000eab00000)
  object space 145408K, 45% used [0x00000000c0000000,0x00000000c3ff9798,0x00000000c8e00000)
 Metaspace       used 97553K, capacity 103318K, committed 103552K, reserved 1138688K
  class space    used 13206K, capacity 14191K, committed 14208K, reserved 1048576K
Event: 1035.307 GC heap after
Heap after GC invocations=58 (full 8):
 PSYoungGen      total 213504K, used 17671K [0x00000000eab00000, 0x00000000fed80000, 0x0000000100000000)
  eden space 103936K, 0% used [0x00000000eab00000,0x00000000eab00000,0x00000000f1080000)
  from space 109568K, 16% used [0x00000000f8280000,0x00000000f93c1c08,0x00000000fed80000)
  to   space 113152K, 0% used [0x00000000f1080000,0x00000000f1080000,0x00000000f7f00000)
 ParOldGen       total 145408K, used 76402K [0x00000000c0000000, 0x00000000c8e00000, 0x00000000eab00000)
  object space 145408K, 52% used [0x00000000c0000000,0x00000000c4a9c9d8,0x00000000c8e00000)
 Metaspace       used 97553K, capacity 103318K, committed 103552K, reserved 1138688K
  class space    used 13206K, capacity 14191K, committed 14208K, reserved 1048576K
}
Event: 1041.294 GC heap before
{Heap before GC invocations=59 (full 8):
 PSYoungGen      total 213504K, used 121607K [0x00000000eab00000, 0x00000000fed80000, 0x0000000100000000)
  eden space 103936K, 100% used [0x00000000eab00000,0x00000000f1080000,0x00000000f1080000)
  from space 109568K, 16% used [0x00000000f8280000,0x00000000f93c1c08,0x00000000fed80000)
  to   space 113152K, 0% used [0x00000000f1080000,0x00000000f1080000,0x00000000f7f00000)
 ParOldGen       total 145408K, used 76402K [0x00000000c0000000, 0x00000000c8e00000, 0x00000000eab00000)
  object space 145408K, 52% used [0x00000000c0000000,0x00000000c4a9c9d8,0x00000000c8e00000)
 Metaspace       used 98138K, capacity 103996K, committed 104192K, reserved 1138688K
  class space    used 13215K, capacity 14232K, committed 14336K, reserved 1048576K
Event: 1041.338 GC heap after
Heap after GC invocations=59 (full 8):
 PSYoungGen      total 217088K, used 9057K [0x00000000eab00000, 0x00000000fed80000, 0x0000000100000000)
  eden space 103936K, 0% used [0x00000000eab00000,0x00000000eab00000,0x00000000f1080000)
  from space 113152K, 8% used [0x00000000f1080000,0x00000000f1958658,0x00000000f7f00000)
  to   space 111104K, 0% used [0x00000000f8100000,0x00000000f8100000,0x00000000fed80000)
 ParOldGen       total 145408K, used 76410K [0x00000000c0000000, 0x00000000c8e00000, 0x00000000eab00000)
  object space 145408K, 52% used [0x00000000c0000000,0x00000000c4a9e9d8,0x00000000c8e00000)
 Metaspace       used 98138K, capacity 103996K, committed 104192K, reserved 1138688K
  class space    used 13215K, capacity 14232K, committed 14336K, reserved 1048576K
}

