# JRE version: Java(TM) SE Runtime Environment (8.0_271-b09) (build 1.8.0_271-b09)
# Java VM: Java HotSpot(TM) 64-Bit Server VM (25.271-b09 mixed mode windows-amd64 compressed oops)
Heap:
 PSYoungGen      total 264704K, used 103408K [0x00000000eab00000, 0x00000000ff880000, 0x0000000100000000)
  eden space 195072K, 51% used [0x00000000eab00000,0x00000000f0c3a700,0x00000000f6980000)
  from space 69632K, 5% used [0x00000000fb480000,0x00000000fb841928,0x00000000ff880000)
  to   space 73216K, 0% used [0x00000000f6980000,0x00000000f6980000,0x00000000fb100000)
 ParOldGen       total 332800K, used 258169K [0x00000000c0000000, 0x00000000d4500000, 0x00000000eab00000)
  object space 332800K, 77% used [0x00000000c0000000,0x00000000cfc1e418,0x00000000d4500000)
 Metaspace       used 152298K, capacity 160123K, committed 160296K, reserved 1187840K
  class space    used 19559K, capacity 20913K, committed 21032K, reserved 1048576K
GC Heap History (10 events):
Event: 282.982 GC heap before
{Heap before GC invocations=68 (full 7):
 PSYoungGen      total 250880K, used 175069K [0x00000000eab00000, 0x0000000100000000, 0x0000000100000000)
  eden space 164864K, 100% used [0x00000000eab00000,0x00000000f4c00000,0x00000000f4c00000)
  from space 86016K, 11% used [0x00000000f4c00000,0x00000000f55f7790,0x00000000fa000000)
  to   space 83968K, 0% used [0x00000000fae00000,0x00000000fae00000,0x0000000100000000)
 ParOldGen       total 332800K, used 235796K [0x00000000c0000000, 0x00000000d4500000, 0x00000000eab00000)
  object space 332800K, 70% used [0x00000000c0000000,0x00000000ce6452f0,0x00000000d4500000)
 Metaspace       used 151823K, capacity 159593K, committed 159656K, reserved 1187840K
  class space    used 19529K, capacity 20852K, committed 20904K, reserved 1048576K
Event: 283.013 GC heap after
Heap after GC invocations=68 (full 7):
 PSYoungGen      total 258048K, used 6004K [0x00000000eab00000, 0x00000000ffb00000, 0x0000000100000000)
  eden space 179200K, 0% used [0x00000000eab00000,0x00000000eab00000,0x00000000f5a00000)
  from space 78848K, 7% used [0x00000000fae00000,0x00000000fb3dd228,0x00000000ffb00000)
  to   space 82432K, 0% used [0x00000000f5a00000,0x00000000f5a00000,0x00000000faa80000)
 ParOldGen       total 332800K, used 243967K [0x00000000c0000000, 0x00000000d4500000, 0x00000000eab00000)
  object space 332800K, 73% used [0x00000000c0000000,0x00000000cee3fe80,0x00000000d4500000)
 Metaspace       used 151823K, capacity 159593K, committed 159656K, reserved 1187840K
  class space    used 19529K, capacity 20852K, committed 20904K, reserved 1048576K
}
Event: 284.166 GC heap before
{Heap before GC invocations=69 (full 7):
 PSYoungGen      total 258048K, used 185204K [0x00000000eab00000, 0x00000000ffb00000, 0x0000000100000000)
  eden space 179200K, 100% used [0x00000000eab00000,0x00000000f5a00000,0x00000000f5a00000)
  from space 78848K, 7% used [0x00000000fae00000,0x00000000fb3dd228,0x00000000ffb00000)
  to   space 82432K, 0% used [0x00000000f5a00000,0x00000000f5a00000,0x00000000faa80000)
 ParOldGen       total 332800K, used 243967K [0x00000000c0000000, 0x00000000d4500000, 0x00000000eab00000)
  object space 332800K, 73% used [0x00000000c0000000,0x00000000cee3fe80,0x00000000d4500000)
 Metaspace       used 151994K, capacity 159823K, committed 160040K, reserved 1187840K
  class space    used 19549K, capacity 20897K, committed 21032K, reserved 1048576K
Event: 284.189 GC heap after
Heap after GC invocations=69 (full 7):
 PSYoungGen      total 261632K, used 5219K [0x00000000eab00000, 0x00000000fff80000, 0x0000000100000000)
  eden space 179200K, 0% used [0x00000000eab00000,0x00000000eab00000,0x00000000f5a00000)
  from space 82432K, 6% used [0x00000000f5a00000,0x00000000f5f18e48,0x00000000faa80000)
  to   space 80384K, 0% used [0x00000000fb100000,0x00000000fb100000,0x00000000fff80000)
 ParOldGen       total 332800K, used 248862K [0x00000000c0000000, 0x00000000d4500000, 0x00000000eab00000)
  object space 332800K, 74% used [0x00000000c0000000,0x00000000cf3078a0,0x00000000d4500000)
 Metaspace       used 151994K, capacity 159823K, committed 160040K, reserved 1187840K
  class space    used 19549K, capacity 20897K, committed 21032K, reserved 1048576K
}
Event: 285.028 GC heap before
{Heap before GC invocations=70 (full 7):
 PSYoungGen      total 261632K, used 184419K [0x00000000eab00000, 0x00000000fff80000, 0x0000000100000000)
  eden space 179200K, 100% used [0x00000000eab00000,0x00000000f5a00000,0x00000000f5a00000)
  from space 82432K, 6% used [0x00000000f5a00000,0x00000000f5f18e48,0x00000000faa80000)
  to   space 80384K, 0% used [0x00000000fb100000,0x00000000fb100000,0x00000000fff80000)
 ParOldGen       total 332800K, used 248862K [0x00000000c0000000, 0x00000000d4500000, 0x00000000eab00000)
  object space 332800K, 74% used [0x00000000c0000000,0x00000000cf3078a0,0x00000000d4500000)
 Metaspace       used 152084K, capacity 159901K, committed 160040K, reserved 1187840K
  class space    used 19549K, capacity 20898K, committed 21032K, reserved 1048576K
Event: 285.049 GC heap after
Heap after GC invocations=70 (full 7):
 PSYoungGen      total 261120K, used 5024K [0x00000000eab00000, 0x00000000ffa00000, 0x0000000100000000)
  eden space 186368K, 0% used [0x00000000eab00000,0x00000000eab00000,0x00000000f6100000)
  from space 74752K, 6% used [0x00000000fb100000,0x00000000fb5e8178,0x00000000ffa00000)
  to   space 78336K, 0% used [0x00000000f6100000,0x00000000f6100000,0x00000000fad80000)
 ParOldGen       total 332800K, used 252587K [0x00000000c0000000, 0x00000000d4500000, 0x00000000eab00000)
  object space 332800K, 75% used [0x00000000c0000000,0x00000000cf6aaf80,0x00000000d4500000)
 Metaspace       used 152084K, capacity 159901K, committed 160040K, reserved 1187840K
  class space    used 19549K, capacity 20898K, committed 21032K, reserved 1048576K
}
Event: 285.676 GC heap before
{Heap before GC invocations=71 (full 7):
 PSYoungGen      total 261120K, used 191392K [0x00000000eab00000, 0x00000000ffa00000, 0x0000000100000000)
  eden space 186368K, 100% used [0x00000000eab00000,0x00000000f6100000,0x00000000f6100000)
  from space 74752K, 6% used [0x00000000fb100000,0x00000000fb5e8178,0x00000000ffa00000)
  to   space 78336K, 0% used [0x00000000f6100000,0x00000000f6100000,0x00000000fad80000)
 ParOldGen       total 332800K, used 252587K [0x00000000c0000000, 0x00000000d4500000, 0x00000000eab00000)
  object space 332800K, 75% used [0x00000000c0000000,0x00000000cf6aaf80,0x00000000d4500000)
 Metaspace       used 152127K, capacity 159921K, committed 160296K, reserved 1187840K
  class space    used 19552K, capacity 20902K, committed 21032K, reserved 1048576K
Event: 285.698 GC heap after
Heap after GC invocations=71 (full 7):
 PSYoungGen      total 264704K, used 3488K [0x00000000eab00000, 0x00000000ffe80000, 0x0000000100000000)
  eden space 186368K, 0% used [0x00000000eab00000,0x00000000eab00000,0x00000000f6100000)
  from space 78336K, 4% used [0x00000000f6100000,0x00000000f6468010,0x00000000fad80000)
  to   space 75776K, 0% used [0x00000000fb480000,0x00000000fb480000,0x00000000ffe80000)
 ParOldGen       total 332800K, used 256885K [0x00000000c0000000, 0x00000000d4500000, 0x00000000eab00000)
  object space 332800K, 77% used [0x00000000c0000000,0x00000000cfadd728,0x00000000d4500000)
 Metaspace       used 152127K, capacity 159921K, committed 160296K, reserved 1187840K
  class space    used 19552K, capacity 20902K, committed 21032K, reserved 1048576K
}
Event: 286.433 GC heap before
{Heap before GC invocations=72 (full 7):
 PSYoungGen      total 264704K, used 189856K [0x00000000eab00000, 0x00000000ffe80000, 0x0000000100000000)
  eden space 186368K, 100% used [0x00000000eab00000,0x00000000f6100000,0x00000000f6100000)
  from space 78336K, 4% used [0x00000000f6100000,0x00000000f6468010,0x00000000fad80000)
  to   space 75776K, 0% used [0x00000000fb480000,0x00000000fb480000,0x00000000ffe80000)
 ParOldGen       total 332800K, used 256885K [0x00000000c0000000, 0x00000000d4500000, 0x00000000eab00000)
  object space 332800K, 77% used [0x00000000c0000000,0x00000000cfadd728,0x00000000d4500000)
 Metaspace       used 152162K, capacity 159989K, committed 160296K, reserved 1187840K
  class space    used 19552K, capacity 20902K, committed 21032K, reserved 1048576K
Event: 286.446 GC heap after
Heap after GC invocations=72 (full 7):
 PSYoungGen      total 264704K, used 3846K [0x00000000eab00000, 0x00000000ff880000, 0x0000000100000000)
  eden space 195072K, 0% used [0x00000000eab00000,0x00000000eab00000,0x00000000f6980000)
  from space 69632K, 5% used [0x00000000fb480000,0x00000000fb841928,0x00000000ff880000)
  to   space 73216K, 0% used [0x00000000f6980000,0x00000000f6980000,0x00000000fb100000)
 ParOldGen       total 332800K, used 258169K [0x00000000c0000000, 0x00000000d4500000, 0x00000000eab00000)
  object space 332800K, 77% used [0x00000000c0000000,0x00000000cfc1e418,0x00000000d4500000)
 Metaspace       used 152162K, capacity 159989K, committed 160296K, reserved 1187840K
  class space    used 19552K, capacity 20902K, committed 21032K, reserved 1048576K
}

