# JRE version: Java(TM) SE Runtime Environment (8.0_271-b09) (build 1.8.0_271-b09)
# Java VM: Java HotSpot(TM) 64-Bit Server VM (25.271-b09 mixed mode windows-amd64 compressed oops)
Heap:
 PSYoungGen      total 232960K, used 137322K [0x00000000eab00000, 0x0000000100000000, 0x0000000100000000)
  eden space 116736K, 73% used [0x00000000eab00000,0x00000000efed5f20,0x00000000f1d00000)
  from space 116224K, 44% used [0x00000000f1d00000,0x00000000f4f44b60,0x00000000f8e80000)
  to   space 116224K, 0% used [0x00000000f8e80000,0x00000000f8e80000,0x0000000100000000)
 ParOldGen       total 305664K, used 176629K [0x00000000c0000000, 0x00000000d2a80000, 0x00000000eab00000)
  object space 305664K, 57% used [0x00000000c0000000,0x00000000cac7d7b0,0x00000000d2a80000)
 Metaspace       used 151694K, capacity 159877K, committed 160256K, reserved 1187840K
  class space    used 19620K, capacity 21081K, committed 21248K, reserved 1048576K
GC Heap History (10 events):
Event: 766.000 GC heap before
{Heap before GC invocations=47 (full 5):
 PSYoungGen      total 232960K, used 231558K [0x00000000eab00000, 0x0000000100000000, 0x0000000100000000)
  eden space 116736K, 98% used [0x00000000eab00000,0x00000000f1ba9408,0x00000000f1d00000)
  from space 116224K, 99% used [0x00000000f1d00000,0x00000000f8e78780,0x00000000f8e80000)
  to   space 116224K, 0% used [0x00000000f8e80000,0x00000000f8e80000,0x0000000100000000)
 ParOldGen       total 232960K, used 157652K [0x00000000c0000000, 0x00000000ce380000, 0x00000000eab00000)
  object space 232960K, 67% used [0x00000000c0000000,0x00000000c99f5208,0x00000000ce380000)
 Metaspace       used 150322K, capacity 158547K, committed 158720K, reserved 1187840K
  class space    used 19452K, capacity 20934K, committed 20992K, reserved 1048576K
Event: 766.163 GC heap after
Heap after GC invocations=47 (full 5):
 PSYoungGen      total 232960K, used 116210K [0x00000000eab00000, 0x0000000100000000, 0x0000000100000000)
  eden space 116736K, 0% used [0x00000000eab00000,0x00000000eab00000,0x00000000f1d00000)
  from space 116224K, 99% used [0x00000000f8e80000,0x00000000ffffc9e0,0x0000000100000000)
  to   space 116224K, 0% used [0x00000000f1d00000,0x00000000f1d00000,0x00000000f8e80000)
 ParOldGen       total 232960K, used 182656K [0x00000000c0000000, 0x00000000ce380000, 0x00000000eab00000)
  object space 232960K, 78% used [0x00000000c0000000,0x00000000cb260000,0x00000000ce380000)
 Metaspace       used 150322K, capacity 158547K, committed 158720K, reserved 1187840K
  class space    used 19452K, capacity 20934K, committed 20992K, reserved 1048576K
}
Event: 766.729 GC heap before
{Heap before GC invocations=48 (full 5):
 PSYoungGen      total 232960K, used 232946K [0x00000000eab00000, 0x0000000100000000, 0x0000000100000000)
  eden space 116736K, 100% used [0x00000000eab00000,0x00000000f1d00000,0x00000000f1d00000)
  from space 116224K, 99% used [0x00000000f8e80000,0x00000000ffffc9e0,0x0000000100000000)
  to   space 116224K, 0% used [0x00000000f1d00000,0x00000000f1d00000,0x00000000f8e80000)
 ParOldGen       total 232960K, used 182656K [0x00000000c0000000, 0x00000000ce380000, 0x00000000eab00000)
  object space 232960K, 78% used [0x00000000c0000000,0x00000000cb260000,0x00000000ce380000)
 Metaspace       used 151245K, capacity 159539K, committed 159744K, reserved 1187840K
  class space    used 19638K, capacity 21122K, committed 21248K, reserved 1048576K
Event: 766.959 GC heap after
Heap after GC invocations=48 (full 5):
 PSYoungGen      total 232960K, used 116218K [0x00000000eab00000, 0x0000000100000000, 0x0000000100000000)
  eden space 116736K, 0% used [0x00000000eab00000,0x00000000eab00000,0x00000000f1d00000)
  from space 116224K, 99% used [0x00000000f1d00000,0x00000000f8e7eba0,0x00000000f8e80000)
  to   space 116224K, 0% used [0x00000000f8e80000,0x00000000f8e80000,0x0000000100000000)
 ParOldGen       total 241664K, used 241626K [0x00000000c0000000, 0x00000000cec00000, 0x00000000eab00000)
  object space 241664K, 99% used [0x00000000c0000000,0x00000000cebf6980,0x00000000cec00000)
 Metaspace       used 151245K, capacity 159539K, committed 159744K, reserved 1187840K
  class space    used 19638K, capacity 21122K, committed 21248K, reserved 1048576K
}
Event: 766.959 GC heap before
{Heap before GC invocations=49 (full 6):
 PSYoungGen      total 232960K, used 116218K [0x00000000eab00000, 0x0000000100000000, 0x0000000100000000)
  eden space 116736K, 0% used [0x00000000eab00000,0x00000000eab00000,0x00000000f1d00000)
  from space 116224K, 99% used [0x00000000f1d00000,0x00000000f8e7eba0,0x00000000f8e80000)
  to   space 116224K, 0% used [0x00000000f8e80000,0x00000000f8e80000,0x0000000100000000)
 ParOldGen       total 241664K, used 241626K [0x00000000c0000000, 0x00000000cec00000, 0x00000000eab00000)
  object space 241664K, 99% used [0x00000000c0000000,0x00000000cebf6980,0x00000000cec00000)
 Metaspace       used 151245K, capacity 159539K, committed 159744K, reserved 1187840K
  class space    used 19638K, capacity 21122K, committed 21248K, reserved 1048576K
Event: 767.719 GC heap after
Heap after GC invocations=49 (full 6):
 PSYoungGen      total 232960K, used 0K [0x00000000eab00000, 0x0000000100000000, 0x0000000100000000)
  eden space 116736K, 0% used [0x00000000eab00000,0x00000000eab00000,0x00000000f1d00000)
  from space 116224K, 0% used [0x00000000f1d00000,0x00000000f1d00000,0x00000000f8e80000)
  to   space 116224K, 0% used [0x00000000f8e80000,0x00000000f8e80000,0x0000000100000000)
 ParOldGen       total 305664K, used 176613K [0x00000000c0000000, 0x00000000d2a80000, 0x00000000eab00000)
  object space 305664K, 57% used [0x00000000c0000000,0x00000000cac797b0,0x00000000d2a80000)
 Metaspace       used 151090K, capacity 159227K, committed 159744K, reserved 1187840K
  class space    used 19590K, capacity 21034K, committed 21248K, reserved 1048576K
}
Event: 768.690 GC heap before
{Heap before GC invocations=50 (full 6):
 PSYoungGen      total 232960K, used 115971K [0x00000000eab00000, 0x0000000100000000, 0x0000000100000000)
  eden space 116736K, 99% used [0x00000000eab00000,0x00000000f1c40fe8,0x00000000f1d00000)
  from space 116224K, 0% used [0x00000000f1d00000,0x00000000f1d00000,0x00000000f8e80000)
  to   space 116224K, 0% used [0x00000000f8e80000,0x00000000f8e80000,0x0000000100000000)
 ParOldGen       total 305664K, used 176613K [0x00000000c0000000, 0x00000000d2a80000, 0x00000000eab00000)
  object space 305664K, 57% used [0x00000000c0000000,0x00000000cac797b0,0x00000000d2a80000)
 Metaspace       used 151269K, capacity 159449K, committed 160000K, reserved 1187840K
  class space    used 19598K, capacity 21037K, committed 21248K, reserved 1048576K
Event: 768.769 GC heap after
Heap after GC invocations=50 (full 6):
 PSYoungGen      total 232960K, used 35140K [0x00000000eab00000, 0x0000000100000000, 0x0000000100000000)
  eden space 116736K, 0% used [0x00000000eab00000,0x00000000eab00000,0x00000000f1d00000)
  from space 116224K, 30% used [0x00000000f8e80000,0x00000000fb0d10f0,0x0000000100000000)
  to   space 116224K, 0% used [0x00000000f1d00000,0x00000000f1d00000,0x00000000f8e80000)
 ParOldGen       total 305664K, used 176621K [0x00000000c0000000, 0x00000000d2a80000, 0x00000000eab00000)
  object space 305664K, 57% used [0x00000000c0000000,0x00000000cac7b7b0,0x00000000d2a80000)
 Metaspace       used 151269K, capacity 159449K, committed 160000K, reserved 1187840K
  class space    used 19598K, capacity 21037K, committed 21248K, reserved 1048576K
}
Event: 770.091 GC heap before
{Heap before GC invocations=51 (full 6):
 PSYoungGen      total 232960K, used 151876K [0x00000000eab00000, 0x0000000100000000, 0x0000000100000000)
  eden space 116736K, 100% used [0x00000000eab00000,0x00000000f1d00000,0x00000000f1d00000)
  from space 116224K, 30% used [0x00000000f8e80000,0x00000000fb0d10f0,0x0000000100000000)
  to   space 116224K, 0% used [0x00000000f1d00000,0x00000000f1d00000,0x00000000f8e80000)
 ParOldGen       total 305664K, used 176621K [0x00000000c0000000, 0x00000000d2a80000, 0x00000000eab00000)
  object space 305664K, 57% used [0x00000000c0000000,0x00000000cac7b7b0,0x00000000d2a80000)
 Metaspace       used 151573K, capacity 159715K, committed 160000K, reserved 1187840K
  class space    used 19605K, capacity 21048K, committed 21248K, reserved 1048576K
Event: 770.162 GC heap after
Heap after GC invocations=51 (full 6):
 PSYoungGen      total 232960K, used 51474K [0x00000000eab00000, 0x0000000100000000, 0x0000000100000000)
  eden space 116736K, 0% used [0x00000000eab00000,0x00000000eab00000,0x00000000f1d00000)
  from space 116224K, 44% used [0x00000000f1d00000,0x00000000f4f44b60,0x00000000f8e80000)
  to   space 116224K, 0% used [0x00000000f8e80000,0x00000000f8e80000,0x0000000100000000)
 ParOldGen       total 305664K, used 176629K [0x00000000c0000000, 0x00000000d2a80000, 0x00000000eab00000)
  object space 305664K, 57% used [0x00000000c0000000,0x00000000cac7d7b0,0x00000000d2a80000)
 Metaspace       used 151573K, capacity 159715K, committed 160000K, reserved 1187840K
  class space    used 19605K, capacity 21048K, committed 21248K, reserved 1048576K
}

