# JRE version: Java(TM) SE Runtime Environment (8.0_271-b09) (build 1.8.0_271-b09)
# Java VM: Java HotSpot(TM) 64-Bit Server VM (25.271-b09 mixed mode windows-amd64 compressed oops)
Heap:
 PSYoungGen      total 232960K, used 92563K [0x00000000eab00000, 0x0000000100000000, 0x0000000100000000)
  eden space 116736K, 71% used [0x00000000eab00000,0x00000000efcd8e18,0x00000000f1d00000)
  from space 116224K, 7% used [0x00000000f8e80000,0x00000000f970c010,0x0000000100000000)
  to   space 116224K, 0% used [0x00000000f1d00000,0x00000000f1d00000,0x00000000f8e80000)
 ParOldGen       total 471040K, used 385169K [0x00000000c0000000, 0x00000000dcc00000, 0x00000000eab00000)
  object space 471040K, 81% used [0x00000000c0000000,0x00000000d7824408,0x00000000dcc00000)
 Metaspace       used 175150K, capacity 188511K, committed 189440K, reserved 1214464K
  class space    used 21678K, capacity 23799K, committed 24320K, reserved 1048576K
GC Heap History (10 events):
Event: 24320.370 GC heap before
{Heap before GC invocations=500 (full 24):
 PSYoungGen      total 232960K, used 166025K [0x00000000eab00000, 0x0000000100000000, 0x0000000100000000)
  eden space 116736K, 100% used [0x00000000eab00000,0x00000000f1d00000,0x00000000f1d00000)
  from space 116224K, 42% used [0x00000000f1d00000,0x00000000f4d22590,0x00000000f8e80000)
  to   space 116224K, 0% used [0x00000000f8e80000,0x00000000f8e80000,0x0000000100000000)
 ParOldGen       total 471040K, used 372936K [0x00000000c0000000, 0x00000000dcc00000, 0x00000000eab00000)
  object space 471040K, 79% used [0x00000000c0000000,0x00000000d6c323f0,0x00000000dcc00000)
 Metaspace       used 174863K, capacity 188007K, committed 189440K, reserved 1214464K
  class space    used 21621K, capacity 23700K, committed 24320K, reserved 1048576K
Event: 24320.470 GC heap after
Heap after GC invocations=500 (full 24):
 PSYoungGen      total 232960K, used 71636K [0x00000000eab00000, 0x0000000100000000, 0x0000000100000000)
  eden space 116736K, 0% used [0x00000000eab00000,0x00000000eab00000,0x00000000f1d00000)
  from space 116224K, 61% used [0x00000000f8e80000,0x00000000fd4753d0,0x0000000100000000)
  to   space 116224K, 0% used [0x00000000f1d00000,0x00000000f1d00000,0x00000000f8e80000)
 ParOldGen       total 471040K, used 373225K [0x00000000c0000000, 0x00000000dcc00000, 0x00000000eab00000)
  object space 471040K, 79% used [0x00000000c0000000,0x00000000d6c7a410,0x00000000dcc00000)
 Metaspace       used 174863K, capacity 188007K, committed 189440K, reserved 1214464K
  class space    used 21621K, capacity 23700K, committed 24320K, reserved 1048576K
}
Event: 24323.796 GC heap before
{Heap before GC invocations=501 (full 24):
 PSYoungGen      total 232960K, used 188372K [0x00000000eab00000, 0x0000000100000000, 0x0000000100000000)
  eden space 116736K, 100% used [0x00000000eab00000,0x00000000f1d00000,0x00000000f1d00000)
  from space 116224K, 61% used [0x00000000f8e80000,0x00000000fd4753d0,0x0000000100000000)
  to   space 116224K, 0% used [0x00000000f1d00000,0x00000000f1d00000,0x00000000f8e80000)
 ParOldGen       total 471040K, used 373225K [0x00000000c0000000, 0x00000000dcc00000, 0x00000000eab00000)
  object space 471040K, 79% used [0x00000000c0000000,0x00000000d6c7a410,0x00000000dcc00000)
 Metaspace       used 174866K, capacity 188007K, committed 189440K, reserved 1214464K
  class space    used 21621K, capacity 23700K, committed 24320K, reserved 1048576K
Event: 24323.817 GC heap after
Heap after GC invocations=501 (full 24):
 PSYoungGen      total 232960K, used 15449K [0x00000000eab00000, 0x0000000100000000, 0x0000000100000000)
  eden space 116736K, 0% used [0x00000000eab00000,0x00000000eab00000,0x00000000f1d00000)
  from space 116224K, 13% used [0x00000000f1d00000,0x00000000f2c16460,0x00000000f8e80000)
  to   space 116224K, 0% used [0x00000000f8e80000,0x00000000f8e80000,0x0000000100000000)
 ParOldGen       total 471040K, used 373233K [0x00000000c0000000, 0x00000000dcc00000, 0x00000000eab00000)
  object space 471040K, 79% used [0x00000000c0000000,0x00000000d6c7c410,0x00000000dcc00000)
 Metaspace       used 174866K, capacity 188007K, committed 189440K, reserved 1214464K
  class space    used 21621K, capacity 23700K, committed 24320K, reserved 1048576K
}
Event: 24925.963 GC heap before
{Heap before GC invocations=502 (full 24):
 PSYoungGen      total 232960K, used 132185K [0x00000000eab00000, 0x0000000100000000, 0x0000000100000000)
  eden space 116736K, 100% used [0x00000000eab00000,0x00000000f1d00000,0x00000000f1d00000)
  from space 116224K, 13% used [0x00000000f1d00000,0x00000000f2c16460,0x00000000f8e80000)
  to   space 116224K, 0% used [0x00000000f8e80000,0x00000000f8e80000,0x0000000100000000)
 ParOldGen       total 471040K, used 373233K [0x00000000c0000000, 0x00000000dcc00000, 0x00000000eab00000)
  object space 471040K, 79% used [0x00000000c0000000,0x00000000d6c7c410,0x00000000dcc00000)
 Metaspace       used 175094K, capacity 188417K, committed 189440K, reserved 1214464K
  class space    used 21675K, capacity 23794K, committed 24320K, reserved 1048576K
Event: 24925.988 GC heap after
Heap after GC invocations=502 (full 24):
 PSYoungGen      total 232960K, used 7878K [0x00000000eab00000, 0x0000000100000000, 0x0000000100000000)
  eden space 116736K, 0% used [0x00000000eab00000,0x00000000eab00000,0x00000000f1d00000)
  from space 116224K, 6% used [0x00000000f8e80000,0x00000000f9631b28,0x0000000100000000)
  to   space 116224K, 0% used [0x00000000f1d00000,0x00000000f1d00000,0x00000000f8e80000)
 ParOldGen       total 471040K, used 373337K [0x00000000c0000000, 0x00000000dcc00000, 0x00000000eab00000)
  object space 471040K, 79% used [0x00000000c0000000,0x00000000d6c96410,0x00000000dcc00000)
 Metaspace       used 175094K, capacity 188417K, committed 189440K, reserved 1214464K
  class space    used 21675K, capacity 23794K, committed 24320K, reserved 1048576K
}
Event: 24929.616 GC heap before
{Heap before GC invocations=503 (full 24):
 PSYoungGen      total 232960K, used 124614K [0x00000000eab00000, 0x0000000100000000, 0x0000000100000000)
  eden space 116736K, 100% used [0x00000000eab00000,0x00000000f1d00000,0x00000000f1d00000)
  from space 116224K, 6% used [0x00000000f8e80000,0x00000000f9631b28,0x0000000100000000)
  to   space 116224K, 0% used [0x00000000f1d00000,0x00000000f1d00000,0x00000000f8e80000)
 ParOldGen       total 471040K, used 373337K [0x00000000c0000000, 0x00000000dcc00000, 0x00000000eab00000)
  object space 471040K, 79% used [0x00000000c0000000,0x00000000d6c96410,0x00000000dcc00000)
 Metaspace       used 175100K, capacity 188417K, committed 189440K, reserved 1214464K
  class space    used 21675K, capacity 23794K, committed 24320K, reserved 1048576K
Event: 24929.643 GC heap after
Heap after GC invocations=503 (full 24):
 PSYoungGen      total 232960K, used 5952K [0x00000000eab00000, 0x0000000100000000, 0x0000000100000000)
  eden space 116736K, 0% used [0x00000000eab00000,0x00000000eab00000,0x00000000f1d00000)
  from space 116224K, 5% used [0x00000000f1d00000,0x00000000f22d0020,0x00000000f8e80000)
  to   space 116224K, 0% used [0x00000000f8e80000,0x00000000f8e80000,0x0000000100000000)
 ParOldGen       total 471040K, used 380473K [0x00000000c0000000, 0x00000000dcc00000, 0x00000000eab00000)
  object space 471040K, 80% used [0x00000000c0000000,0x00000000d738e548,0x00000000dcc00000)
 Metaspace       used 175100K, capacity 188417K, committed 189440K, reserved 1214464K
  class space    used 21675K, capacity 23794K, committed 24320K, reserved 1048576K
}
Event: 24976.270 GC heap before
{Heap before GC invocations=504 (full 24):
 PSYoungGen      total 232960K, used 122688K [0x00000000eab00000, 0x0000000100000000, 0x0000000100000000)
  eden space 116736K, 100% used [0x00000000eab00000,0x00000000f1d00000,0x00000000f1d00000)
  from space 116224K, 5% used [0x00000000f1d00000,0x00000000f22d0020,0x00000000f8e80000)
  to   space 116224K, 0% used [0x00000000f8e80000,0x00000000f8e80000,0x0000000100000000)
 ParOldGen       total 471040K, used 380473K [0x00000000c0000000, 0x00000000dcc00000, 0x00000000eab00000)
  object space 471040K, 80% used [0x00000000c0000000,0x00000000d738e548,0x00000000dcc00000)
 Metaspace       used 175132K, capacity 188447K, committed 189440K, reserved 1214464K
  class space    used 21678K, capacity 23799K, committed 24320K, reserved 1048576K
Event: 24976.298 GC heap after
Heap after GC invocations=504 (full 24):
 PSYoungGen      total 232960K, used 8752K [0x00000000eab00000, 0x0000000100000000, 0x0000000100000000)
  eden space 116736K, 0% used [0x00000000eab00000,0x00000000eab00000,0x00000000f1d00000)
  from space 116224K, 7% used [0x00000000f8e80000,0x00000000f970c010,0x0000000100000000)
  to   space 116224K, 0% used [0x00000000f1d00000,0x00000000f1d00000,0x00000000f8e80000)
 ParOldGen       total 471040K, used 385169K [0x00000000c0000000, 0x00000000dcc00000, 0x00000000eab00000)
  object space 471040K, 81% used [0x00000000c0000000,0x00000000d7824408,0x00000000dcc00000)
 Metaspace       used 175132K, capacity 188447K, committed 189440K, reserved 1214464K
  class space    used 21678K, capacity 23799K, committed 24320K, reserved 1048576K
}

