# JRE version: Java(TM) SE Runtime Environment (8.0_271-b09) (build 1.8.0_271-b09)
# Java VM: Java HotSpot(TM) 64-Bit Server VM (25.271-b09 mixed mode windows-amd64 compressed oops)
Heap:
 PSYoungGen      total 251392K, used 56213K [0x00000000eab00000, 0x00000000fd680000, 0x0000000100000000)
  eden space 221696K, 12% used [0x00000000eab00000,0x00000000ec6a4b40,0x00000000f8380000)
  from space 29696K, 93% used [0x00000000f8380000,0x00000000f9ec09e0,0x00000000fa080000)
  to   space 33792K, 0% used [0x00000000fb580000,0x00000000fb580000,0x00000000fd680000)
 ParOldGen       total 143360K, used 97709K [0x00000000c0000000, 0x00000000c8c00000, 0x00000000eab00000)
  object space 143360K, 68% used [0x00000000c0000000,0x00000000c5f6b590,0x00000000c8c00000)
 Metaspace       used 111756K, capacity 117948K, committed 118272K, reserved 1150976K
  class space    used 14762K, capacity 15792K, committed 15872K, reserved 1048576K
GC Heap History (10 events):
Event: 1447.965 GC heap before
{Heap before GC invocations=35 (full 4):
 PSYoungGen      total 202752K, used 180384K [0x00000000eab00000, 0x00000000f8e00000, 0x0000000100000000)
  eden space 178176K, 100% used [0x00000000eab00000,0x00000000f5900000,0x00000000f5900000)
  from space 24576K, 8% used [0x00000000f7600000,0x00000000f7828000,0x00000000f8e00000)
  to   space 27136K, 0% used [0x00000000f5900000,0x00000000f5900000,0x00000000f7380000)
 ParOldGen       total 143360K, used 75437K [0x00000000c0000000, 0x00000000c8c00000, 0x00000000eab00000)
  object space 143360K, 52% used [0x00000000c0000000,0x00000000c49ab6e0,0x00000000c8c00000)
 Metaspace       used 105874K, capacity 111174K, committed 111360K, reserved 1144832K
  class space    used 14139K, capacity 15063K, committed 15104K, reserved 1048576K
Event: 1448.372 GC heap after
Heap after GC invocations=35 (full 4):
 PSYoungGen      total 205312K, used 21918K [0x00000000eab00000, 0x00000000fad80000, 0x0000000100000000)
  eden space 178176K, 0% used [0x00000000eab00000,0x00000000eab00000,0x00000000f5900000)
  from space 27136K, 80% used [0x00000000f5900000,0x00000000f6e67998,0x00000000f7380000)
  to   space 29184K, 0% used [0x00000000f9100000,0x00000000f9100000,0x00000000fad80000)
 ParOldGen       total 143360K, used 77192K [0x00000000c0000000, 0x00000000c8c00000, 0x00000000eab00000)
  object space 143360K, 53% used [0x00000000c0000000,0x00000000c4b62020,0x00000000c8c00000)
 Metaspace       used 105874K, capacity 111174K, committed 111360K, reserved 1144832K
  class space    used 14139K, capacity 15063K, committed 15104K, reserved 1048576K
}
Event: 1465.024 GC heap before
{Heap before GC invocations=36 (full 4):
 PSYoungGen      total 205312K, used 200094K [0x00000000eab00000, 0x00000000fad80000, 0x0000000100000000)
  eden space 178176K, 100% used [0x00000000eab00000,0x00000000f5900000,0x00000000f5900000)
  from space 27136K, 80% used [0x00000000f5900000,0x00000000f6e67998,0x00000000f7380000)
  to   space 29184K, 0% used [0x00000000f9100000,0x00000000f9100000,0x00000000fad80000)
 ParOldGen       total 143360K, used 77192K [0x00000000c0000000, 0x00000000c8c00000, 0x00000000eab00000)
  object space 143360K, 53% used [0x00000000c0000000,0x00000000c4b62020,0x00000000c8c00000)
 Metaspace       used 106476K, capacity 111918K, committed 112256K, reserved 1146880K
  class space    used 14157K, capacity 15107K, committed 15232K, reserved 1048576K
Event: 1465.083 GC heap after
Heap after GC invocations=36 (full 4):
 PSYoungGen      total 230400K, used 15836K [0x00000000eab00000, 0x00000000fab00000, 0x0000000100000000)
  eden space 203776K, 0% used [0x00000000eab00000,0x00000000eab00000,0x00000000f7200000)
  from space 26624K, 59% used [0x00000000f9100000,0x00000000fa0771d0,0x00000000fab00000)
  to   space 29184K, 0% used [0x00000000f7200000,0x00000000f7200000,0x00000000f8e80000)
 ParOldGen       total 143360K, used 97685K [0x00000000c0000000, 0x00000000c8c00000, 0x00000000eab00000)
  object space 143360K, 68% used [0x00000000c0000000,0x00000000c5f65590,0x00000000c8c00000)
 Metaspace       used 106476K, capacity 111918K, committed 112256K, reserved 1146880K
  class space    used 14157K, capacity 15107K, committed 15232K, reserved 1048576K
}
Event: 1499.477 GC heap before
{Heap before GC invocations=37 (full 4):
 PSYoungGen      total 230400K, used 219612K [0x00000000eab00000, 0x00000000fab00000, 0x0000000100000000)
  eden space 203776K, 100% used [0x00000000eab00000,0x00000000f7200000,0x00000000f7200000)
  from space 26624K, 59% used [0x00000000f9100000,0x00000000fa0771d0,0x00000000fab00000)
  to   space 29184K, 0% used [0x00000000f7200000,0x00000000f7200000,0x00000000f8e80000)
 ParOldGen       total 143360K, used 97685K [0x00000000c0000000, 0x00000000c8c00000, 0x00000000eab00000)
  object space 143360K, 68% used [0x00000000c0000000,0x00000000c5f65590,0x00000000c8c00000)
 Metaspace       used 110334K, capacity 115972K, committed 116224K, reserved 1150976K
  class space    used 14621K, capacity 15612K, committed 15616K, reserved 1048576K
Event: 1499.523 GC heap after
Heap after GC invocations=37 (full 4):
 PSYoungGen      total 232960K, used 17320K [0x00000000eab00000, 0x00000000fbf80000, 0x0000000100000000)
  eden space 203776K, 0% used [0x00000000eab00000,0x00000000eab00000,0x00000000f7200000)
  from space 29184K, 59% used [0x00000000f7200000,0x00000000f82ea3b0,0x00000000f8e80000)
  to   space 29184K, 0% used [0x00000000fa300000,0x00000000fa300000,0x00000000fbf80000)
 ParOldGen       total 143360K, used 97693K [0x00000000c0000000, 0x00000000c8c00000, 0x00000000eab00000)
  object space 143360K, 68% used [0x00000000c0000000,0x00000000c5f67590,0x00000000c8c00000)
 Metaspace       used 110334K, capacity 115972K, committed 116224K, reserved 1150976K
  class space    used 14621K, capacity 15612K, committed 15616K, reserved 1048576K
}
Event: 1551.059 GC heap before
{Heap before GC invocations=38 (full 4):
 PSYoungGen      total 232960K, used 221096K [0x00000000eab00000, 0x00000000fbf80000, 0x0000000100000000)
  eden space 203776K, 100% used [0x00000000eab00000,0x00000000f7200000,0x00000000f7200000)
  from space 29184K, 59% used [0x00000000f7200000,0x00000000f82ea3b0,0x00000000f8e80000)
  to   space 29184K, 0% used [0x00000000fa300000,0x00000000fa300000,0x00000000fbf80000)
 ParOldGen       total 143360K, used 97693K [0x00000000c0000000, 0x00000000c8c00000, 0x00000000eab00000)
  object space 143360K, 68% used [0x00000000c0000000,0x00000000c5f67590,0x00000000c8c00000)
 Metaspace       used 111487K, capacity 117532K, committed 117760K, reserved 1150976K
  class space    used 14744K, capacity 15766K, committed 15872K, reserved 1048576K
Event: 1551.088 GC heap after
Heap after GC invocations=38 (full 4):
 PSYoungGen      total 248832K, used 18741K [0x00000000eab00000, 0x00000000fbd80000, 0x0000000100000000)
  eden space 221696K, 0% used [0x00000000eab00000,0x00000000eab00000,0x00000000f8380000)
  from space 27136K, 69% used [0x00000000fa300000,0x00000000fb54d4e0,0x00000000fbd80000)
  to   space 29696K, 0% used [0x00000000f8380000,0x00000000f8380000,0x00000000fa080000)
 ParOldGen       total 143360K, used 97701K [0x00000000c0000000, 0x00000000c8c00000, 0x00000000eab00000)
  object space 143360K, 68% used [0x00000000c0000000,0x00000000c5f69590,0x00000000c8c00000)
 Metaspace       used 111487K, capacity 117532K, committed 117760K, reserved 1150976K
  class space    used 14744K, capacity 15766K, committed 15872K, reserved 1048576K
}
Event: 1569.364 GC heap before
{Heap before GC invocations=39 (full 4):
 PSYoungGen      total 248832K, used 240437K [0x00000000eab00000, 0x00000000fbd80000, 0x0000000100000000)
  eden space 221696K, 100% used [0x00000000eab00000,0x00000000f8380000,0x00000000f8380000)
  from space 27136K, 69% used [0x00000000fa300000,0x00000000fb54d4e0,0x00000000fbd80000)
  to   space 29696K, 0% used [0x00000000f8380000,0x00000000f8380000,0x00000000fa080000)
 ParOldGen       total 143360K, used 97701K [0x00000000c0000000, 0x00000000c8c00000, 0x00000000eab00000)
  object space 143360K, 68% used [0x00000000c0000000,0x00000000c5f69590,0x00000000c8c00000)
 Metaspace       used 111728K, capacity 117930K, committed 118016K, reserved 1150976K
  class space    used 14760K, capacity 15789K, committed 15872K, reserved 1048576K
Event: 1569.414 GC heap after
Heap after GC invocations=39 (full 4):
 PSYoungGen      total 251392K, used 27906K [0x00000000eab00000, 0x00000000fd680000, 0x0000000100000000)
  eden space 221696K, 0% used [0x00000000eab00000,0x00000000eab00000,0x00000000f8380000)
  from space 29696K, 93% used [0x00000000f8380000,0x00000000f9ec09e0,0x00000000fa080000)
  to   space 33792K, 0% used [0x00000000fb580000,0x00000000fb580000,0x00000000fd680000)
 ParOldGen       total 143360K, used 97709K [0x00000000c0000000, 0x00000000c8c00000, 0x00000000eab00000)
  object space 143360K, 68% used [0x00000000c0000000,0x00000000c5f6b590,0x00000000c8c00000)
 Metaspace       used 111728K, capacity 117930K, committed 118016K, reserved 1150976K
  class space    used 14760K, capacity 15789K, committed 15872K, reserved 1048576K
}

