# JRE version: Java(TM) SE Runtime Environment (8.0_271-b09) (build 1.8.0_271-b09)
# Java VM: Java HotSpot(TM) 64-Bit Server VM (25.271-b09 mixed mode windows-amd64 compressed oops)
Heap:
 PSYoungGen      total 233984K, used 120103K [0x00000000eab00000, 0x00000000ffa80000, 0x0000000100000000)
  eden space 130560K, 91% used [0x00000000eab00000,0x00000000f2049ca0,0x00000000f2a80000)
  from space 103424K, 0% used [0x00000000f9580000,0x00000000f9580000,0x00000000ffa80000)
  to   space 106496K, 0% used [0x00000000f2a80000,0x00000000f2a80000,0x00000000f9280000)
 ParOldGen       total 299520K, used 191546K [0x00000000c0000000, 0x00000000d2480000, 0x00000000eab00000)
  object space 299520K, 63% used [0x00000000c0000000,0x00000000cbb0eb40,0x00000000d2480000)
 Metaspace       used 149697K, capacity 157185K, committed 157312K, reserved 1185792K
  class space    used 19306K, capacity 20552K, committed 20608K, reserved 1048576K
GC Heap History (10 events):
Event: 779.617 GC heap before
{Heap before GC invocations=60 (full 7):
 PSYoungGen      total 188416K, used 119808K [0x00000000eab00000, 0x0000000100000000, 0x0000000100000000)
  eden space 119808K, 100% used [0x00000000eab00000,0x00000000f2000000,0x00000000f2000000)
  from space 68608K, 0% used [0x00000000fbd00000,0x00000000fbd00000,0x0000000100000000)
  to   space 114688K, 0% used [0x00000000f2000000,0x00000000f2000000,0x00000000f9000000)
 ParOldGen       total 299520K, used 185860K [0x00000000c0000000, 0x00000000d2480000, 0x00000000eab00000)
  object space 299520K, 62% used [0x00000000c0000000,0x00000000cb581090,0x00000000d2480000)
 Metaspace       used 148427K, capacity 155501K, committed 155904K, reserved 1185792K
  class space    used 19155K, capacity 20378K, committed 20480K, reserved 1048576K
Event: 779.686 GC heap after
Heap after GC invocations=60 (full 7):
 PSYoungGen      total 234496K, used 29380K [0x00000000eab00000, 0x0000000100000000, 0x0000000100000000)
  eden space 119808K, 0% used [0x00000000eab00000,0x00000000eab00000,0x00000000f2000000)
  from space 114688K, 25% used [0x00000000f2000000,0x00000000f3cb13d8,0x00000000f9000000)
  to   space 110080K, 0% used [0x00000000f9480000,0x00000000f9480000,0x0000000100000000)
 ParOldGen       total 299520K, used 185860K [0x00000000c0000000, 0x00000000d2480000, 0x00000000eab00000)
  object space 299520K, 62% used [0x00000000c0000000,0x00000000cb581090,0x00000000d2480000)
 Metaspace       used 148427K, capacity 155501K, committed 155904K, reserved 1185792K
  class space    used 19155K, capacity 20378K, committed 20480K, reserved 1048576K
}
Event: 786.511 GC heap before
{Heap before GC invocations=61 (full 7):
 PSYoungGen      total 234496K, used 149188K [0x00000000eab00000, 0x0000000100000000, 0x0000000100000000)
  eden space 119808K, 100% used [0x00000000eab00000,0x00000000f2000000,0x00000000f2000000)
  from space 114688K, 25% used [0x00000000f2000000,0x00000000f3cb13d8,0x00000000f9000000)
  to   space 110080K, 0% used [0x00000000f9480000,0x00000000f9480000,0x0000000100000000)
 ParOldGen       total 299520K, used 185860K [0x00000000c0000000, 0x00000000d2480000, 0x00000000eab00000)
  object space 299520K, 62% used [0x00000000c0000000,0x00000000cb581090,0x00000000d2480000)
 Metaspace       used 149652K, capacity 157113K, committed 157312K, reserved 1185792K
  class space    used 19305K, capacity 20552K, committed 20608K, reserved 1048576K
Event: 786.589 GC heap after
Heap after GC invocations=61 (full 7):
 PSYoungGen      total 230912K, used 62022K [0x00000000eab00000, 0x00000000ffc80000, 0x0000000100000000)
  eden space 124416K, 0% used [0x00000000eab00000,0x00000000eab00000,0x00000000f2480000)
  from space 106496K, 58% used [0x00000000f9480000,0x00000000fd111930,0x00000000ffc80000)
  to   space 110592K, 0% used [0x00000000f2480000,0x00000000f2480000,0x00000000f9080000)
 ParOldGen       total 299520K, used 185868K [0x00000000c0000000, 0x00000000d2480000, 0x00000000eab00000)
  object space 299520K, 62% used [0x00000000c0000000,0x00000000cb583090,0x00000000d2480000)
 Metaspace       used 149652K, capacity 157113K, committed 157312K, reserved 1185792K
  class space    used 19305K, capacity 20552K, committed 20608K, reserved 1048576K
}
Event: 787.004 GC heap before
{Heap before GC invocations=62 (full 7):
 PSYoungGen      total 230912K, used 186438K [0x00000000eab00000, 0x00000000ffc80000, 0x0000000100000000)
  eden space 124416K, 100% used [0x00000000eab00000,0x00000000f2480000,0x00000000f2480000)
  from space 106496K, 58% used [0x00000000f9480000,0x00000000fd111930,0x00000000ffc80000)
  to   space 110592K, 0% used [0x00000000f2480000,0x00000000f2480000,0x00000000f9080000)
 ParOldGen       total 299520K, used 185868K [0x00000000c0000000, 0x00000000d2480000, 0x00000000eab00000)
  object space 299520K, 62% used [0x00000000c0000000,0x00000000cb583090,0x00000000d2480000)
 Metaspace       used 149670K, capacity 157121K, committed 157312K, reserved 1185792K
  class space    used 19306K, capacity 20552K, committed 20608K, reserved 1048576K
Event: 787.143 GC heap after
Heap after GC invocations=62 (full 7):
 PSYoungGen      total 235008K, used 56060K [0x00000000eab00000, 0x00000000fff00000, 0x0000000100000000)
  eden space 124416K, 0% used [0x00000000eab00000,0x00000000eab00000,0x00000000f2480000)
  from space 110592K, 50% used [0x00000000f2480000,0x00000000f5b3f150,0x00000000f9080000)
  to   space 108032K, 0% used [0x00000000f9580000,0x00000000f9580000,0x00000000fff00000)
 ParOldGen       total 299520K, used 234876K [0x00000000c0000000, 0x00000000d2480000, 0x00000000eab00000)
  object space 299520K, 78% used [0x00000000c0000000,0x00000000ce55f110,0x00000000d2480000)
 Metaspace       used 149670K, capacity 157121K, committed 157312K, reserved 1185792K
  class space    used 19306K, capacity 20552K, committed 20608K, reserved 1048576K
}
Event: 788.366 GC heap before
{Heap before GC invocations=63 (full 7):
 PSYoungGen      total 235008K, used 180476K [0x00000000eab00000, 0x00000000fff00000, 0x0000000100000000)
  eden space 124416K, 100% used [0x00000000eab00000,0x00000000f2480000,0x00000000f2480000)
  from space 110592K, 50% used [0x00000000f2480000,0x00000000f5b3f150,0x00000000f9080000)
  to   space 108032K, 0% used [0x00000000f9580000,0x00000000f9580000,0x00000000fff00000)
 ParOldGen       total 299520K, used 234876K [0x00000000c0000000, 0x00000000d2480000, 0x00000000eab00000)
  object space 299520K, 78% used [0x00000000c0000000,0x00000000ce55f110,0x00000000d2480000)
 Metaspace       used 149677K, capacity 157185K, committed 157312K, reserved 1185792K
  class space    used 19306K, capacity 20552K, committed 20608K, reserved 1048576K
Event: 788.487 GC heap after
Heap after GC invocations=63 (full 7):
 PSYoungGen      total 233984K, used 18225K [0x00000000eab00000, 0x00000000ffa80000, 0x0000000100000000)
  eden space 130560K, 0% used [0x00000000eab00000,0x00000000eab00000,0x00000000f2a80000)
  from space 103424K, 17% used [0x00000000f9580000,0x00000000fa74c7b8,0x00000000ffa80000)
  to   space 106496K, 0% used [0x00000000f2a80000,0x00000000f2a80000,0x00000000f9280000)
 ParOldGen       total 299520K, used 284905K [0x00000000c0000000, 0x00000000d2480000, 0x00000000eab00000)
  object space 299520K, 95% used [0x00000000c0000000,0x00000000d163a668,0x00000000d2480000)
 Metaspace       used 149677K, capacity 157185K, committed 157312K, reserved 1185792K
  class space    used 19306K, capacity 20552K, committed 20608K, reserved 1048576K
}
Event: 788.487 GC heap before
{Heap before GC invocations=64 (full 8):
 PSYoungGen      total 233984K, used 18225K [0x00000000eab00000, 0x00000000ffa80000, 0x0000000100000000)
  eden space 130560K, 0% used [0x00000000eab00000,0x00000000eab00000,0x00000000f2a80000)
  from space 103424K, 17% used [0x00000000f9580000,0x00000000fa74c7b8,0x00000000ffa80000)
  to   space 106496K, 0% used [0x00000000f2a80000,0x00000000f2a80000,0x00000000f9280000)
 ParOldGen       total 299520K, used 284905K [0x00000000c0000000, 0x00000000d2480000, 0x00000000eab00000)
  object space 299520K, 95% used [0x00000000c0000000,0x00000000d163a668,0x00000000d2480000)
 Metaspace       used 149677K, capacity 157185K, committed 157312K, reserved 1185792K
  class space    used 19306K, capacity 20552K, committed 20608K, reserved 1048576K
Event: 789.590 GC heap after
Heap after GC invocations=64 (full 8):
 PSYoungGen      total 233984K, used 0K [0x00000000eab00000, 0x00000000ffa80000, 0x0000000100000000)
  eden space 130560K, 0% used [0x00000000eab00000,0x00000000eab00000,0x00000000f2a80000)
  from space 103424K, 0% used [0x00000000f9580000,0x00000000f9580000,0x00000000ffa80000)
  to   space 106496K, 0% used [0x00000000f2a80000,0x00000000f2a80000,0x00000000f9280000)
 ParOldGen       total 299520K, used 191546K [0x00000000c0000000, 0x00000000d2480000, 0x00000000eab00000)
  object space 299520K, 63% used [0x00000000c0000000,0x00000000cbb0eb40,0x00000000d2480000)
 Metaspace       used 149677K, capacity 157185K, committed 157312K, reserved 1185792K
  class space    used 19306K, capacity 20552K, committed 20608K, reserved 1048576K
}

