# JRE version: Java(TM) SE Runtime Environment (8.0_271-b09) (build 1.8.0_271-b09)
# Java VM: Java HotSpot(TM) 64-Bit Server VM (25.271-b09 mixed mode windows-amd64 compressed oops)
Heap:
 PSYoungGen      total 64512K, used 12715K [0x00000000eab00000, 0x00000000ef400000, 0x0000000100000000)
  eden space 57344K, 10% used [0x00000000eab00000,0x00000000eb10ffb8,0x00000000ee300000)
  from space 7168K, 90% used [0x00000000eeb00000,0x00000000ef15acb8,0x00000000ef200000)
  to   space 8192K, 0% used [0x00000000ee300000,0x00000000ee300000,0x00000000eeb00000)
 ParOldGen       total 48128K, used 24100K [0x00000000c0000000, 0x00000000c2f00000, 0x00000000eab00000)
  object space 48128K, 50% used [0x00000000c0000000,0x00000000c1789288,0x00000000c2f00000)
 Metaspace       used 49019K, capacity 51182K, committed 51240K, reserved 1093632K
  class space    used 6786K, capacity 7206K, committed 7208K, reserved 1048576K
GC Heap History (10 events):
Event: 14.459 GC heap before
{Heap before GC invocations=24 (full 2):
 PSYoungGen      total 39936K, used 34816K [0x00000000eab00000, 0x00000000ee280000, 0x0000000100000000)
  eden space 34816K, 100% used [0x00000000eab00000,0x00000000ecd00000,0x00000000ecd00000)
  from space 5120K, 0% used [0x00000000ecd00000,0x00000000ecd00000,0x00000000ed200000)
  to   space 5120K, 0% used [0x00000000edd80000,0x00000000edd80000,0x00000000ee280000)
 ParOldGen       total 48128K, used 14104K [0x00000000c0000000, 0x00000000c2f00000, 0x00000000eab00000)
  object space 48128K, 29% used [0x00000000c0000000,0x00000000c0dc6068,0x00000000c2f00000)
 Metaspace       used 35759K, capacity 37088K, committed 37416K, reserved 1081344K
  class space    used 5039K, capacity 5315K, committed 5416K, reserved 1048576K
Event: 14.463 GC heap after
Heap after GC invocations=24 (full 2):
 PSYoungGen      total 45568K, used 2512K [0x00000000eab00000, 0x00000000ee000000, 0x0000000100000000)
  eden space 43008K, 0% used [0x00000000eab00000,0x00000000eab00000,0x00000000ed500000)
  from space 2560K, 98% used [0x00000000edd80000,0x00000000edff42f0,0x00000000ee000000)
  to   space 5120K, 0% used [0x00000000ed600000,0x00000000ed600000,0x00000000edb00000)
 ParOldGen       total 48128K, used 14104K [0x00000000c0000000, 0x00000000c2f00000, 0x00000000eab00000)
  object space 48128K, 29% used [0x00000000c0000000,0x00000000c0dc6068,0x00000000c2f00000)
 Metaspace       used 35759K, capacity 37088K, committed 37416K, reserved 1081344K
  class space    used 5039K, capacity 5315K, committed 5416K, reserved 1048576K
}
Event: 15.788 GC heap before
{Heap before GC invocations=25 (full 2):
 PSYoungGen      total 45568K, used 45520K [0x00000000eab00000, 0x00000000ee000000, 0x0000000100000000)
  eden space 43008K, 100% used [0x00000000eab00000,0x00000000ed500000,0x00000000ed500000)
  from space 2560K, 98% used [0x00000000edd80000,0x00000000edff42f0,0x00000000ee000000)
  to   space 5120K, 0% used [0x00000000ed600000,0x00000000ed600000,0x00000000edb00000)
 ParOldGen       total 48128K, used 14104K [0x00000000c0000000, 0x00000000c2f00000, 0x00000000eab00000)
  object space 48128K, 29% used [0x00000000c0000000,0x00000000c0dc6068,0x00000000c2f00000)
 Metaspace       used 37901K, capacity 39642K, committed 39848K, reserved 1083392K
  class space    used 5339K, capacity 5680K, committed 5800K, reserved 1048576K
Event: 15.793 GC heap after
Heap after GC invocations=25 (full 2):
 PSYoungGen      total 49152K, used 3320K [0x00000000eab00000, 0x00000000ee780000, 0x0000000100000000)
  eden space 44032K, 0% used [0x00000000eab00000,0x00000000eab00000,0x00000000ed600000)
  from space 5120K, 64% used [0x00000000ed600000,0x00000000ed93e0d8,0x00000000edb00000)
  to   space 5120K, 0% used [0x00000000ee280000,0x00000000ee280000,0x00000000ee780000)
 ParOldGen       total 48128K, used 14976K [0x00000000c0000000, 0x00000000c2f00000, 0x00000000eab00000)
  object space 48128K, 31% used [0x00000000c0000000,0x00000000c0ea0078,0x00000000c2f00000)
 Metaspace       used 37901K, capacity 39642K, committed 39848K, reserved 1083392K
  class space    used 5339K, capacity 5680K, committed 5800K, reserved 1048576K
}
Event: 16.730 GC heap before
{Heap before GC invocations=26 (full 2):
 PSYoungGen      total 49152K, used 47352K [0x00000000eab00000, 0x00000000ee780000, 0x0000000100000000)
  eden space 44032K, 100% used [0x00000000eab00000,0x00000000ed600000,0x00000000ed600000)
  from space 5120K, 64% used [0x00000000ed600000,0x00000000ed93e0d8,0x00000000edb00000)
  to   space 5120K, 0% used [0x00000000ee280000,0x00000000ee280000,0x00000000ee780000)
 ParOldGen       total 48128K, used 14976K [0x00000000c0000000, 0x00000000c2f00000, 0x00000000eab00000)
  object space 48128K, 31% used [0x00000000c0000000,0x00000000c0ea0078,0x00000000c2f00000)
 Metaspace       used 38430K, capacity 40420K, committed 40616K, reserved 1083392K
  class space    used 5408K, capacity 5755K, committed 5800K, reserved 1048576K
Event: 16.736 GC heap after
Heap after GC invocations=26 (full 2):
 PSYoungGen      total 56832K, used 3251K [0x00000000eab00000, 0x00000000ee880000, 0x0000000100000000)
  eden space 51712K, 0% used [0x00000000eab00000,0x00000000eab00000,0x00000000edd80000)
  from space 5120K, 63% used [0x00000000ee280000,0x00000000ee5acdf0,0x00000000ee780000)
  to   space 5120K, 0% used [0x00000000edd80000,0x00000000edd80000,0x00000000ee280000)
 ParOldGen       total 48128K, used 16321K [0x00000000c0000000, 0x00000000c2f00000, 0x00000000eab00000)
  object space 48128K, 33% used [0x00000000c0000000,0x00000000c0ff07a8,0x00000000c2f00000)
 Metaspace       used 38430K, capacity 40420K, committed 40616K, reserved 1083392K
  class space    used 5408K, capacity 5755K, committed 5800K, reserved 1048576K
}
Event: 20.315 GC heap before
{Heap before GC invocations=27 (full 2):
 PSYoungGen      total 56832K, used 54963K [0x00000000eab00000, 0x00000000ee880000, 0x0000000100000000)
  eden space 51712K, 100% used [0x00000000eab00000,0x00000000edd80000,0x00000000edd80000)
  from space 5120K, 63% used [0x00000000ee280000,0x00000000ee5acdf0,0x00000000ee780000)
  to   space 5120K, 0% used [0x00000000edd80000,0x00000000edd80000,0x00000000ee280000)
 ParOldGen       total 48128K, used 16321K [0x00000000c0000000, 0x00000000c2f00000, 0x00000000eab00000)
  object space 48128K, 33% used [0x00000000c0000000,0x00000000c0ff07a8,0x00000000c2f00000)
 Metaspace       used 44259K, capacity 46328K, committed 46504K, reserved 1089536K
  class space    used 6173K, capacity 6568K, committed 6568K, reserved 1048576K
Event: 20.327 GC heap after
Heap after GC invocations=27 (full 2):
 PSYoungGen      total 56832K, used 5096K [0x00000000eab00000, 0x00000000ef200000, 0x0000000100000000)
  eden space 51712K, 0% used [0x00000000eab00000,0x00000000eab00000,0x00000000edd80000)
  from space 5120K, 99% used [0x00000000edd80000,0x00000000ee27a050,0x00000000ee280000)
  to   space 7168K, 0% used [0x00000000eeb00000,0x00000000eeb00000,0x00000000ef200000)
 ParOldGen       total 48128K, used 19808K [0x00000000c0000000, 0x00000000c2f00000, 0x00000000eab00000)
  object space 48128K, 41% used [0x00000000c0000000,0x00000000c13581f8,0x00000000c2f00000)
 Metaspace       used 44259K, capacity 46328K, committed 46504K, reserved 1089536K
  class space    used 6173K, capacity 6568K, committed 6568K, reserved 1048576K
}
Event: 23.283 GC heap before
{Heap before GC invocations=28 (full 2):
 PSYoungGen      total 56832K, used 56808K [0x00000000eab00000, 0x00000000ef200000, 0x0000000100000000)
  eden space 51712K, 100% used [0x00000000eab00000,0x00000000edd80000,0x00000000edd80000)
  from space 5120K, 99% used [0x00000000edd80000,0x00000000ee27a050,0x00000000ee280000)
  to   space 7168K, 0% used [0x00000000eeb00000,0x00000000eeb00000,0x00000000ef200000)
 ParOldGen       total 48128K, used 19808K [0x00000000c0000000, 0x00000000c2f00000, 0x00000000eab00000)
  object space 48128K, 41% used [0x00000000c0000000,0x00000000c13581f8,0x00000000c2f00000)
 Metaspace       used 48535K, capacity 50674K, committed 50984K, reserved 1093632K
  class space    used 6720K, capacity 7132K, committed 7208K, reserved 1048576K
Event: 23.305 GC heap after
Heap after GC invocations=28 (full 2):
 PSYoungGen      total 64512K, used 6507K [0x00000000eab00000, 0x00000000ef400000, 0x0000000100000000)
  eden space 57344K, 0% used [0x00000000eab00000,0x00000000eab00000,0x00000000ee300000)
  from space 7168K, 90% used [0x00000000eeb00000,0x00000000ef15acb8,0x00000000ef200000)
  to   space 8192K, 0% used [0x00000000ee300000,0x00000000ee300000,0x00000000eeb00000)
 ParOldGen       total 48128K, used 24100K [0x00000000c0000000, 0x00000000c2f00000, 0x00000000eab00000)
  object space 48128K, 50% used [0x00000000c0000000,0x00000000c1789288,0x00000000c2f00000)
 Metaspace       used 48535K, capacity 50674K, committed 50984K, reserved 1093632K
  class space    used 6720K, capacity 7132K, committed 7208K, reserved 1048576K
}

