# JRE version: Java(TM) SE Runtime Environment (8.0_271-b09) (build 1.8.0_271-b09)
# Java VM: Java HotSpot(TM) 64-Bit Server VM (25.271-b09 mixed mode windows-amd64 compressed oops)
Heap:
 PSYoungGen      total 132608K, used 22969K [0x00000000eab00000, 0x00000000f6100000, 0x0000000100000000)
  eden space 91648K, 25% used [0x00000000eab00000,0x00000000ec16e7c8,0x00000000f0480000)
  from space 40960K, 0% used [0x00000000f0480000,0x00000000f0480000,0x00000000f2c80000)
  to   space 39424K, 0% used [0x00000000f3a80000,0x00000000f3a80000,0x00000000f6100000)
 ParOldGen       total 174592K, used 84887K [0x00000000c0000000, 0x00000000caa80000, 0x00000000eab00000)
  object space 174592K, 48% used [0x00000000c0000000,0x00000000c52e5e28,0x00000000caa80000)
 Metaspace       used 81418K, capacity 86576K, committed 87936K, reserved 1124352K
  class space    used 11443K, capacity 12343K, committed 12928K, reserved 1048576K
GC Heap History (10 events):
Event: 59.413 GC heap before
{Heap before GC invocations=51 (full 4):
 PSYoungGen      total 120320K, used 96096K [0x00000000eab00000, 0x00000000f5300000, 0x0000000100000000)
  eden space 78336K, 100% used [0x00000000eab00000,0x00000000ef780000,0x00000000ef780000)
  from space 41984K, 42% used [0x00000000f2280000,0x00000000f33d83e8,0x00000000f4b80000)
  to   space 44032K, 0% used [0x00000000ef780000,0x00000000ef780000,0x00000000f2280000)
 ParOldGen       total 139776K, used 79723K [0x00000000c0000000, 0x00000000c8880000, 0x00000000eab00000)
  object space 139776K, 57% used [0x00000000c0000000,0x00000000c4ddacc8,0x00000000c8880000)
 Metaspace       used 79734K, capacity 84482K, committed 86656K, reserved 1124352K
  class space    used 11216K, capacity 12046K, committed 12672K, reserved 1048576K
Event: 59.475 GC heap after
Heap after GC invocations=51 (full 4):
 PSYoungGen      total 122368K, used 21644K [0x00000000eab00000, 0x00000000f5800000, 0x0000000100000000)
  eden space 78336K, 0% used [0x00000000eab00000,0x00000000eab00000,0x00000000ef780000)
  from space 44032K, 49% used [0x00000000ef780000,0x00000000f0ca33d0,0x00000000f2280000)
  to   space 43008K, 0% used [0x00000000f2e00000,0x00000000f2e00000,0x00000000f5800000)
 ParOldGen       total 139776K, used 96493K [0x00000000c0000000, 0x00000000c8880000, 0x00000000eab00000)
  object space 139776K, 69% used [0x00000000c0000000,0x00000000c5e3b530,0x00000000c8880000)
 Metaspace       used 79734K, capacity 84482K, committed 86656K, reserved 1124352K
  class space    used 11216K, capacity 12046K, committed 12672K, reserved 1048576K
}
Event: 60.434 GC heap before
{Heap before GC invocations=52 (full 4):
 PSYoungGen      total 122368K, used 99980K [0x00000000eab00000, 0x00000000f5800000, 0x0000000100000000)
  eden space 78336K, 100% used [0x00000000eab00000,0x00000000ef780000,0x00000000ef780000)
  from space 44032K, 49% used [0x00000000ef780000,0x00000000f0ca33d0,0x00000000f2280000)
  to   space 43008K, 0% used [0x00000000f2e00000,0x00000000f2e00000,0x00000000f5800000)
 ParOldGen       total 139776K, used 96493K [0x00000000c0000000, 0x00000000c8880000, 0x00000000eab00000)
  object space 139776K, 69% used [0x00000000c0000000,0x00000000c5e3b530,0x00000000c8880000)
 Metaspace       used 79734K, capacity 84482K, committed 86656K, reserved 1124352K
  class space    used 11216K, capacity 12046K, committed 12672K, reserved 1048576K
Event: 60.512 GC heap after
Heap after GC invocations=52 (full 4):
 PSYoungGen      total 131072K, used 20169K [0x00000000eab00000, 0x00000000f5480000, 0x0000000100000000)
  eden space 91648K, 0% used [0x00000000eab00000,0x00000000eab00000,0x00000000f0480000)
  from space 39424K, 51% used [0x00000000f2e00000,0x00000000f41b25c0,0x00000000f5480000)
  to   space 40960K, 0% used [0x00000000f0480000,0x00000000f0480000,0x00000000f2c80000)
 ParOldGen       total 139776K, used 116577K [0x00000000c0000000, 0x00000000c8880000, 0x00000000eab00000)
  object space 139776K, 83% used [0x00000000c0000000,0x00000000c71d84c8,0x00000000c8880000)
 Metaspace       used 79734K, capacity 84482K, committed 86656K, reserved 1124352K
  class space    used 11216K, capacity 12046K, committed 12672K, reserved 1048576K
}
Event: 60.924 GC heap before
{Heap before GC invocations=53 (full 4):
 PSYoungGen      total 131072K, used 111817K [0x00000000eab00000, 0x00000000f5480000, 0x0000000100000000)
  eden space 91648K, 100% used [0x00000000eab00000,0x00000000f0480000,0x00000000f0480000)
  from space 39424K, 51% used [0x00000000f2e00000,0x00000000f41b25c0,0x00000000f5480000)
  to   space 40960K, 0% used [0x00000000f0480000,0x00000000f0480000,0x00000000f2c80000)
 ParOldGen       total 139776K, used 116577K [0x00000000c0000000, 0x00000000c8880000, 0x00000000eab00000)
  object space 139776K, 83% used [0x00000000c0000000,0x00000000c71d84c8,0x00000000c8880000)
 Metaspace       used 79747K, capacity 84490K, committed 86656K, reserved 1124352K
  class space    used 11221K, capacity 12048K, committed 12672K, reserved 1048576K
Event: 61.006 GC heap after
Heap after GC invocations=53 (full 4):
 PSYoungGen      total 132608K, used 20991K [0x00000000eab00000, 0x00000000f6100000, 0x0000000100000000)
  eden space 91648K, 0% used [0x00000000eab00000,0x00000000eab00000,0x00000000f0480000)
  from space 40960K, 51% used [0x00000000f0480000,0x00000000f18fffb8,0x00000000f2c80000)
  to   space 39424K, 0% used [0x00000000f3a80000,0x00000000f3a80000,0x00000000f6100000)
 ParOldGen       total 139776K, used 131038K [0x00000000c0000000, 0x00000000c8880000, 0x00000000eab00000)
  object space 139776K, 93% used [0x00000000c0000000,0x00000000c7ff7b18,0x00000000c8880000)
 Metaspace       used 79747K, capacity 84490K, committed 86656K, reserved 1124352K
  class space    used 11221K, capacity 12048K, committed 12672K, reserved 1048576K
}
Event: 61.006 GC heap before
{Heap before GC invocations=54 (full 5):
 PSYoungGen      total 132608K, used 20991K [0x00000000eab00000, 0x00000000f6100000, 0x0000000100000000)
  eden space 91648K, 0% used [0x00000000eab00000,0x00000000eab00000,0x00000000f0480000)
  from space 40960K, 51% used [0x00000000f0480000,0x00000000f18fffb8,0x00000000f2c80000)
  to   space 39424K, 0% used [0x00000000f3a80000,0x00000000f3a80000,0x00000000f6100000)
 ParOldGen       total 139776K, used 131038K [0x00000000c0000000, 0x00000000c8880000, 0x00000000eab00000)
  object space 139776K, 93% used [0x00000000c0000000,0x00000000c7ff7b18,0x00000000c8880000)
 Metaspace       used 79747K, capacity 84490K, committed 86656K, reserved 1124352K
  class space    used 11221K, capacity 12048K, committed 12672K, reserved 1048576K
Event: 63.758 GC heap after
Heap after GC invocations=54 (full 5):
 PSYoungGen      total 132608K, used 7230K [0x00000000eab00000, 0x00000000f6100000, 0x0000000100000000)
  eden space 91648K, 0% used [0x00000000eab00000,0x00000000eab00000,0x00000000f0480000)
  from space 40960K, 17% used [0x00000000f0480000,0x00000000f0b8f990,0x00000000f2c80000)
  to   space 39424K, 0% used [0x00000000f3a80000,0x00000000f3a80000,0x00000000f6100000)
 ParOldGen       total 139776K, used 139425K [0x00000000c0000000, 0x00000000c8880000, 0x00000000eab00000)
  object space 139776K, 99% used [0x00000000c0000000,0x00000000c8828660,0x00000000c8880000)
 Metaspace       used 79747K, capacity 84490K, committed 86656K, reserved 1124352K
  class space    used 11221K, capacity 12048K, committed 12672K, reserved 1048576K
}
Event: 67.778 GC heap before
{Heap before GC invocations=55 (full 6):
 PSYoungGen      total 132608K, used 98878K [0x00000000eab00000, 0x00000000f6100000, 0x0000000100000000)
  eden space 91648K, 100% used [0x00000000eab00000,0x00000000f0480000,0x00000000f0480000)
  from space 40960K, 17% used [0x00000000f0480000,0x00000000f0b8f990,0x00000000f2c80000)
  to   space 39424K, 0% used [0x00000000f3a80000,0x00000000f3a80000,0x00000000f6100000)
 ParOldGen       total 139776K, used 139425K [0x00000000c0000000, 0x00000000c8880000, 0x00000000eab00000)
  object space 139776K, 99% used [0x00000000c0000000,0x00000000c8828660,0x00000000c8880000)
 Metaspace       used 81387K, capacity 86526K, committed 87936K, reserved 1124352K
  class space    used 11433K, capacity 12330K, committed 12928K, reserved 1048576K
Event: 67.973 GC heap after
Heap after GC invocations=55 (full 6):
 PSYoungGen      total 132608K, used 0K [0x00000000eab00000, 0x00000000f6100000, 0x0000000100000000)
  eden space 91648K, 0% used [0x00000000eab00000,0x00000000eab00000,0x00000000f0480000)
  from space 40960K, 0% used [0x00000000f0480000,0x00000000f0480000,0x00000000f2c80000)
  to   space 39424K, 0% used [0x00000000f3a80000,0x00000000f3a80000,0x00000000f6100000)
 ParOldGen       total 174592K, used 84887K [0x00000000c0000000, 0x00000000caa80000, 0x00000000eab00000)
  object space 174592K, 48% used [0x00000000c0000000,0x00000000c52e5e28,0x00000000caa80000)
 Metaspace       used 81381K, capacity 86508K, committed 87936K, reserved 1124352K
  class space    used 11431K, capacity 12327K, committed 12928K, reserved 1048576K
}

