# JRE version: Java(TM) SE Runtime Environment (8.0_271-b09) (build 1.8.0_271-b09)
# Java VM: Java HotSpot(TM) 64-Bit Server VM (25.271-b09 mixed mode windows-amd64 compressed oops)
Heap:
 PSYoungGen      total 239616K, used 34679K [0x00000000eab00000, 0x00000000fd400000, 0x0000000100000000)
  eden space 179200K, 18% used [0x00000000eab00000,0x00000000eca8e378,0x00000000f5a00000)
  from space 60416K, 3% used [0x00000000f9900000,0x00000000f9b4fc28,0x00000000fd400000)
  to   space 62464K, 0% used [0x00000000f5a00000,0x00000000f5a00000,0x00000000f9700000)
 ParOldGen       total 206848K, used 107144K [0x00000000c0000000, 0x00000000cca00000, 0x00000000eab00000)
  object space 206848K, 51% used [0x00000000c0000000,0x00000000c68a20f8,0x00000000cca00000)
 Metaspace       used 151064K, capacity 158201K, committed 158296K, reserved 1187840K
  class space    used 19484K, capacity 20749K, committed 20824K, reserved 1048576K
GC Heap History (10 events):
Event: 721.762 GC heap before
{Heap before GC invocations=76 (full 7):
 PSYoungGen      total 209920K, used 9956K [0x00000000eab00000, 0x00000000fc800000, 0x0000000100000000)
  eden space 144384K, 0% used [0x00000000eab00000,0x00000000eab00000,0x00000000f3800000)
  from space 65536K, 15% used [0x00000000f3800000,0x00000000f41b9398,0x00000000f7800000)
  to   space 64512K, 0% used [0x00000000f8900000,0x00000000f8900000,0x00000000fc800000)
 ParOldGen       total 229376K, used 204324K [0x00000000c0000000, 0x00000000ce000000, 0x00000000eab00000)
  object space 229376K, 89% used [0x00000000c0000000,0x00000000cc7893c8,0x00000000ce000000)
 Metaspace       used 150539K, capacity 157681K, committed 158040K, reserved 1185792K
  class space    used 19461K, capacity 20733K, committed 20824K, reserved 1048576K
Event: 722.040 GC heap after
Heap after GC invocations=76 (full 7):
 PSYoungGen      total 209920K, used 0K [0x00000000eab00000, 0x00000000fc800000, 0x0000000100000000)
  eden space 144384K, 0% used [0x00000000eab00000,0x00000000eab00000,0x00000000f3800000)
  from space 65536K, 0% used [0x00000000f3800000,0x00000000f3800000,0x00000000f7800000)
  to   space 64512K, 0% used [0x00000000f8900000,0x00000000f8900000,0x00000000fc800000)
 ParOldGen       total 206848K, used 96725K [0x00000000c0000000, 0x00000000cca00000, 0x00000000eab00000)
  object space 206848K, 46% used [0x00000000c0000000,0x00000000c5e75610,0x00000000cca00000)
 Metaspace       used 150521K, capacity 157643K, committed 158040K, reserved 1185792K
  class space    used 19454K, capacity 20722K, committed 20824K, reserved 1048576K
}
Event: 731.373 GC heap before
{Heap before GC invocations=77 (full 7):
 PSYoungGen      total 209920K, used 144384K [0x00000000eab00000, 0x00000000fc800000, 0x0000000100000000)
  eden space 144384K, 100% used [0x00000000eab00000,0x00000000f3800000,0x00000000f3800000)
  from space 65536K, 0% used [0x00000000f3800000,0x00000000f3800000,0x00000000f7800000)
  to   space 64512K, 0% used [0x00000000f8900000,0x00000000f8900000,0x00000000fc800000)
 ParOldGen       total 206848K, used 96725K [0x00000000c0000000, 0x00000000cca00000, 0x00000000eab00000)
  object space 206848K, 46% used [0x00000000c0000000,0x00000000c5e75610,0x00000000cca00000)
 Metaspace       used 150733K, capacity 157839K, committed 158040K, reserved 1185792K
  class space    used 19468K, capacity 20730K, committed 20824K, reserved 1048576K
Event: 731.434 GC heap after
Heap after GC invocations=77 (full 7):
 PSYoungGen      total 226816K, used 1481K [0x00000000eab00000, 0x00000000fc880000, 0x0000000100000000)
  eden space 162304K, 0% used [0x00000000eab00000,0x00000000eab00000,0x00000000f4980000)
  from space 64512K, 2% used [0x00000000f8900000,0x00000000f8a725c0,0x00000000fc800000)
  to   space 65024K, 0% used [0x00000000f4980000,0x00000000f4980000,0x00000000f8900000)
 ParOldGen       total 206848K, used 96733K [0x00000000c0000000, 0x00000000cca00000, 0x00000000eab00000)
  object space 206848K, 46% used [0x00000000c0000000,0x00000000c5e77610,0x00000000cca00000)
 Metaspace       used 150733K, capacity 157839K, committed 158040K, reserved 1185792K
  class space    used 19468K, capacity 20730K, committed 20824K, reserved 1048576K
}
Event: 735.182 GC heap before
{Heap before GC invocations=78 (full 7):
 PSYoungGen      total 226816K, used 163785K [0x00000000eab00000, 0x00000000fc880000, 0x0000000100000000)
  eden space 162304K, 100% used [0x00000000eab00000,0x00000000f4980000,0x00000000f4980000)
  from space 64512K, 2% used [0x00000000f8900000,0x00000000f8a725c0,0x00000000fc800000)
  to   space 65024K, 0% used [0x00000000f4980000,0x00000000f4980000,0x00000000f8900000)
 ParOldGen       total 206848K, used 96733K [0x00000000c0000000, 0x00000000cca00000, 0x00000000eab00000)
  object space 206848K, 46% used [0x00000000c0000000,0x00000000c5e77610,0x00000000cca00000)
 Metaspace       used 150846K, capacity 157939K, committed 158296K, reserved 1187840K
  class space    used 19469K, capacity 20732K, committed 20824K, reserved 1048576K
Event: 735.201 GC heap after
Heap after GC invocations=78 (full 7):
 PSYoungGen      total 227328K, used 8224K [0x00000000eab00000, 0x00000000fd680000, 0x0000000100000000)
  eden space 162304K, 0% used [0x00000000eab00000,0x00000000eab00000,0x00000000f4980000)
  from space 65024K, 12% used [0x00000000f4980000,0x00000000f5188140,0x00000000f8900000)
  to   space 62976K, 0% used [0x00000000f9900000,0x00000000f9900000,0x00000000fd680000)
 ParOldGen       total 206848K, used 96972K [0x00000000c0000000, 0x00000000cca00000, 0x00000000eab00000)
  object space 206848K, 46% used [0x00000000c0000000,0x00000000c5eb3358,0x00000000cca00000)
 Metaspace       used 150846K, capacity 157939K, committed 158296K, reserved 1187840K
  class space    used 19469K, capacity 20732K, committed 20824K, reserved 1048576K
}
Event: 737.581 GC heap before
{Heap before GC invocations=79 (full 7):
 PSYoungGen      total 227328K, used 170528K [0x00000000eab00000, 0x00000000fd680000, 0x0000000100000000)
  eden space 162304K, 100% used [0x00000000eab00000,0x00000000f4980000,0x00000000f4980000)
  from space 65024K, 12% used [0x00000000f4980000,0x00000000f5188140,0x00000000f8900000)
  to   space 62976K, 0% used [0x00000000f9900000,0x00000000f9900000,0x00000000fd680000)
 ParOldGen       total 206848K, used 96972K [0x00000000c0000000, 0x00000000cca00000, 0x00000000eab00000)
  object space 206848K, 46% used [0x00000000c0000000,0x00000000c5eb3358,0x00000000cca00000)
 Metaspace       used 150914K, capacity 158025K, committed 158296K, reserved 1187840K
  class space    used 19472K, capacity 20737K, committed 20824K, reserved 1048576K
Event: 737.628 GC heap after
Heap after GC invocations=79 (full 7):
 PSYoungGen      total 239616K, used 1504K [0x00000000eab00000, 0x00000000fd400000, 0x0000000100000000)
  eden space 179200K, 0% used [0x00000000eab00000,0x00000000eab00000,0x00000000f5a00000)
  from space 60416K, 2% used [0x00000000f9900000,0x00000000f9a78000,0x00000000fd400000)
  to   space 62464K, 0% used [0x00000000f5a00000,0x00000000f5a00000,0x00000000f9700000)
 ParOldGen       total 206848K, used 103875K [0x00000000c0000000, 0x00000000cca00000, 0x00000000eab00000)
  object space 206848K, 50% used [0x00000000c0000000,0x00000000c6570e18,0x00000000cca00000)
 Metaspace       used 150914K, capacity 158025K, committed 158296K, reserved 1187840K
  class space    used 19472K, capacity 20737K, committed 20824K, reserved 1048576K
}
Event: 738.405 GC heap before
{Heap before GC invocations=80 (full 7):
 PSYoungGen      total 239616K, used 180704K [0x00000000eab00000, 0x00000000fd400000, 0x0000000100000000)
  eden space 179200K, 100% used [0x00000000eab00000,0x00000000f5a00000,0x00000000f5a00000)
  from space 60416K, 2% used [0x00000000f9900000,0x00000000f9a78000,0x00000000fd400000)
  to   space 62464K, 0% used [0x00000000f5a00000,0x00000000f5a00000,0x00000000f9700000)
 ParOldGen       total 206848K, used 103875K [0x00000000c0000000, 0x00000000cca00000, 0x00000000eab00000)
  object space 206848K, 50% used [0x00000000c0000000,0x00000000c6570e18,0x00000000cca00000)
 Metaspace       used 150952K, capacity 158033K, committed 158296K, reserved 1187840K
  class space    used 19474K, capacity 20739K, committed 20824K, reserved 1048576K
Event: 738.458 GC heap after
Heap after GC invocations=80 (full 7):
 PSYoungGen      total 241664K, used 5686K [0x00000000eab00000, 0x00000000fd400000, 0x0000000100000000)
  eden space 179200K, 0% used [0x00000000eab00000,0x00000000eab00000,0x00000000f5a00000)
  from space 62464K, 9% used [0x00000000f5a00000,0x00000000f5f8d828,0x00000000f9700000)
  to   space 60416K, 0% used [0x00000000f9900000,0x00000000f9900000,0x00000000fd400000)
 ParOldGen       total 206848K, used 104995K [0x00000000c0000000, 0x00000000cca00000, 0x00000000eab00000)
  object space 206848K, 50% used [0x00000000c0000000,0x00000000c6688e28,0x00000000cca00000)
 Metaspace       used 150952K, capacity 158033K, committed 158296K, reserved 1187840K
  class space    used 19474K, capacity 20739K, committed 20824K, reserved 1048576K
}

