# JRE version: Java(TM) SE Runtime Environment (8.0_271-b09) (build 1.8.0_271-b09)
# Java VM: Java HotSpot(TM) 64-Bit Server VM (25.271-b09 mixed mode windows-amd64 compressed oops)
Heap:
 PSYoungGen      total 196096K, used 54490K [0x00000000eab00000, 0x00000000fc080000, 0x0000000100000000)
  eden space 173056K, 28% used [0x00000000eab00000,0x00000000edac4090,0x00000000f5400000)
  from space 23040K, 24% used [0x00000000f5400000,0x00000000f5972908,0x00000000f6a80000)
  to   space 40448K, 0% used [0x00000000f9900000,0x00000000f9900000,0x00000000fc080000)
 ParOldGen       total 85504K, used 85407K [0x00000000c0000000, 0x00000000c5380000, 0x00000000eab00000)
  object space 85504K, 99% used [0x00000000c0000000,0x00000000c5367d20,0x00000000c5380000)
 Metaspace       used 72186K, capacity 76028K, committed 76288K, reserved 1114112K
  class space    used 10288K, capacity 10985K, committed 11008K, reserved 1048576K
GC Heap History (10 events):
Event: 14.624 GC heap before
{Heap before GC invocations=21 (full 3):
 PSYoungGen      total 168960K, used 3157K [0x00000000eab00000, 0x00000000f6500000, 0x0000000100000000)
  eden space 151552K, 0% used [0x00000000eab00000,0x00000000eab00000,0x00000000f3f00000)
  from space 17408K, 18% used [0x00000000f4f80000,0x00000000f52957a0,0x00000000f6080000)
  to   space 16896K, 0% used [0x00000000f3f00000,0x00000000f3f00000,0x00000000f4f80000)
 ParOldGen       total 50176K, used 38180K [0x00000000c0000000, 0x00000000c3100000, 0x00000000eab00000)
  object space 50176K, 76% used [0x00000000c0000000,0x00000000c2549170,0x00000000c3100000)
 Metaspace       used 56579K, capacity 59024K, committed 59160K, reserved 1099776K
  class space    used 7869K, capacity 8315K, committed 8320K, reserved 1048576K
Event: 14.921 GC heap after
Heap after GC invocations=21 (full 3):
 PSYoungGen      total 168960K, used 0K [0x00000000eab00000, 0x00000000f6500000, 0x0000000100000000)
  eden space 151552K, 0% used [0x00000000eab00000,0x00000000eab00000,0x00000000f3f00000)
  from space 17408K, 0% used [0x00000000f4f80000,0x00000000f4f80000,0x00000000f6080000)
  to   space 16896K, 0% used [0x00000000f3f00000,0x00000000f3f00000,0x00000000f4f80000)
 ParOldGen       total 85504K, used 33288K [0x00000000c0000000, 0x00000000c5380000, 0x00000000eab00000)
  object space 85504K, 38% used [0x00000000c0000000,0x00000000c2082370,0x00000000c5380000)
 Metaspace       used 56550K, capacity 58928K, committed 59160K, reserved 1099776K
  class space    used 7860K, capacity 8299K, committed 8320K, reserved 1048576K
}
Event: 16.810 GC heap before
{Heap before GC invocations=22 (full 3):
 PSYoungGen      total 168960K, used 151552K [0x00000000eab00000, 0x00000000f6500000, 0x0000000100000000)
  eden space 151552K, 100% used [0x00000000eab00000,0x00000000f3f00000,0x00000000f3f00000)
  from space 17408K, 0% used [0x00000000f4f80000,0x00000000f4f80000,0x00000000f6080000)
  to   space 16896K, 0% used [0x00000000f3f00000,0x00000000f3f00000,0x00000000f4f80000)
 ParOldGen       total 85504K, used 33288K [0x00000000c0000000, 0x00000000c5380000, 0x00000000eab00000)
  object space 85504K, 38% used [0x00000000c0000000,0x00000000c2082370,0x00000000c5380000)
 Metaspace       used 62845K, capacity 65782K, committed 66048K, reserved 1105920K
  class space    used 8842K, capacity 9410K, committed 9472K, reserved 1048576K
Event: 16.839 GC heap after
Heap after GC invocations=22 (full 3):
 PSYoungGen      total 168448K, used 14017K [0x00000000eab00000, 0x00000000f7d00000, 0x0000000100000000)
  eden space 151552K, 0% used [0x00000000eab00000,0x00000000eab00000,0x00000000f3f00000)
  from space 16896K, 82% used [0x00000000f3f00000,0x00000000f4cb06b8,0x00000000f4f80000)
  to   space 18944K, 0% used [0x00000000f6a80000,0x00000000f6a80000,0x00000000f7d00000)
 ParOldGen       total 85504K, used 33296K [0x00000000c0000000, 0x00000000c5380000, 0x00000000eab00000)
  object space 85504K, 38% used [0x00000000c0000000,0x00000000c2084370,0x00000000c5380000)
 Metaspace       used 62845K, capacity 65782K, committed 66048K, reserved 1105920K
  class space    used 8842K, capacity 9410K, committed 9472K, reserved 1048576K
}
Event: 19.485 GC heap before
{Heap before GC invocations=23 (full 3):
 PSYoungGen      total 168448K, used 165569K [0x00000000eab00000, 0x00000000f7d00000, 0x0000000100000000)
  eden space 151552K, 100% used [0x00000000eab00000,0x00000000f3f00000,0x00000000f3f00000)
  from space 16896K, 82% used [0x00000000f3f00000,0x00000000f4cb06b8,0x00000000f4f80000)
  to   space 18944K, 0% used [0x00000000f6a80000,0x00000000f6a80000,0x00000000f7d00000)
 ParOldGen       total 85504K, used 33296K [0x00000000c0000000, 0x00000000c5380000, 0x00000000eab00000)
  object space 85504K, 38% used [0x00000000c0000000,0x00000000c2084370,0x00000000c5380000)
 Metaspace       used 66987K, capacity 70580K, committed 70784K, reserved 1110016K
  class space    used 9440K, capacity 10061K, committed 10112K, reserved 1048576K
Event: 19.516 GC heap after
Heap after GC invocations=23 (full 3):
 PSYoungGen      total 192000K, used 18943K [0x00000000eab00000, 0x00000000f8380000, 0x0000000100000000)
  eden space 173056K, 0% used [0x00000000eab00000,0x00000000eab00000,0x00000000f5400000)
  from space 18944K, 99% used [0x00000000f6a80000,0x00000000f7cffd68,0x00000000f7d00000)
  to   space 23040K, 0% used [0x00000000f5400000,0x00000000f5400000,0x00000000f6a80000)
 ParOldGen       total 85504K, used 36778K [0x00000000c0000000, 0x00000000c5380000, 0x00000000eab00000)
  object space 85504K, 43% used [0x00000000c0000000,0x00000000c23eaaf0,0x00000000c5380000)
 Metaspace       used 66987K, capacity 70580K, committed 70784K, reserved 1110016K
  class space    used 9440K, capacity 10061K, committed 10112K, reserved 1048576K
}
Event: 21.744 GC heap before
{Heap before GC invocations=24 (full 3):
 PSYoungGen      total 192000K, used 191999K [0x00000000eab00000, 0x00000000f8380000, 0x0000000100000000)
  eden space 173056K, 100% used [0x00000000eab00000,0x00000000f5400000,0x00000000f5400000)
  from space 18944K, 99% used [0x00000000f6a80000,0x00000000f7cffd68,0x00000000f7d00000)
  to   space 23040K, 0% used [0x00000000f5400000,0x00000000f5400000,0x00000000f6a80000)
 ParOldGen       total 85504K, used 36778K [0x00000000c0000000, 0x00000000c5380000, 0x00000000eab00000)
  object space 85504K, 43% used [0x00000000c0000000,0x00000000c23eaaf0,0x00000000c5380000)
 Metaspace       used 70626K, capacity 74466K, committed 74752K, reserved 1114112K
  class space    used 9973K, capacity 10658K, committed 10752K, reserved 1048576K
Event: 21.810 GC heap after
Heap after GC invocations=24 (full 3):
 PSYoungGen      total 196096K, used 23037K [0x00000000eab00000, 0x00000000fc080000, 0x0000000100000000)
  eden space 173056K, 0% used [0x00000000eab00000,0x00000000eab00000,0x00000000f5400000)
  from space 23040K, 99% used [0x00000000f5400000,0x00000000f6a7f760,0x00000000f6a80000)
  to   space 40448K, 0% used [0x00000000f9900000,0x00000000f9900000,0x00000000fc080000)
 ParOldGen       total 85504K, used 73104K [0x00000000c0000000, 0x00000000c5380000, 0x00000000eab00000)
  object space 85504K, 85% used [0x00000000c0000000,0x00000000c4764180,0x00000000c5380000)
 Metaspace       used 70626K, capacity 74466K, committed 74752K, reserved 1114112K
  class space    used 9973K, capacity 10658K, committed 10752K, reserved 1048576K
}
Event: 21.810 GC heap before
{Heap before GC invocations=25 (full 4):
 PSYoungGen      total 196096K, used 23037K [0x00000000eab00000, 0x00000000fc080000, 0x0000000100000000)
  eden space 173056K, 0% used [0x00000000eab00000,0x00000000eab00000,0x00000000f5400000)
  from space 23040K, 99% used [0x00000000f5400000,0x00000000f6a7f760,0x00000000f6a80000)
  to   space 40448K, 0% used [0x00000000f9900000,0x00000000f9900000,0x00000000fc080000)
 ParOldGen       total 85504K, used 73104K [0x00000000c0000000, 0x00000000c5380000, 0x00000000eab00000)
  object space 85504K, 85% used [0x00000000c0000000,0x00000000c4764180,0x00000000c5380000)
 Metaspace       used 70626K, capacity 74466K, committed 74752K, reserved 1114112K
  class space    used 9973K, capacity 10658K, committed 10752K, reserved 1048576K
Event: 22.427 GC heap after
Heap after GC invocations=25 (full 4):
 PSYoungGen      total 196096K, used 5578K [0x00000000eab00000, 0x00000000fc080000, 0x0000000100000000)
  eden space 173056K, 0% used [0x00000000eab00000,0x00000000eab00000,0x00000000f5400000)
  from space 23040K, 24% used [0x00000000f5400000,0x00000000f5972908,0x00000000f6a80000)
  to   space 40448K, 0% used [0x00000000f9900000,0x00000000f9900000,0x00000000fc080000)
 ParOldGen       total 85504K, used 85407K [0x00000000c0000000, 0x00000000c5380000, 0x00000000eab00000)
  object space 85504K, 99% used [0x00000000c0000000,0x00000000c5367d20,0x00000000c5380000)
 Metaspace       used 70578K, capacity 74316K, committed 74752K, reserved 1114112K
  class space    used 9957K, capacity 10631K, committed 10752K, reserved 1048576K
}

