# JRE version: Java(TM) SE Runtime Environment (8.0_271-b09) (build 1.8.0_271-b09)
# Java VM: Java HotSpot(TM) 64-Bit Server VM (25.271-b09 mixed mode windows-amd64 compressed oops)
Heap:
 PSYoungGen      total 204800K, used 62692K [0x00000000eab00000, 0x00000000fa000000, 0x0000000100000000)
  eden space 161792K, 36% used [0x00000000eab00000,0x00000000ee45c578,0x00000000f4900000)
  from space 43008K, 9% used [0x00000000f7600000,0x00000000f79dcbf8,0x00000000fa000000)
  to   space 44544K, 0% used [0x00000000f4900000,0x00000000f4900000,0x00000000f7480000)
 ParOldGen       total 171008K, used 83011K [0x00000000c0000000, 0x00000000ca700000, 0x00000000eab00000)
  object space 171008K, 48% used [0x00000000c0000000,0x00000000c5110c10,0x00000000ca700000)
 Metaspace       used 97457K, capacity 103200K, committed 103808K, reserved 1138688K
  class space    used 13156K, capacity 14174K, committed 14464K, reserved 1048576K
GC Heap History (10 events):
Event: 102.161 GC heap before
{Heap before GC invocations=58 (full 5):
 PSYoungGen      total 174080K, used 127138K [0x00000000eab00000, 0x00000000f8600000, 0x0000000100000000)
  eden space 125952K, 99% used [0x00000000eab00000,0x00000000f25ff208,0x00000000f2600000)
  from space 48128K, 2% used [0x00000000f5600000,0x00000000f5729878,0x00000000f8500000)
  to   space 49152K, 0% used [0x00000000f2600000,0x00000000f2600000,0x00000000f5600000)
 ParOldGen       total 173056K, used 140274K [0x00000000c0000000, 0x00000000ca900000, 0x00000000eab00000)
  object space 173056K, 81% used [0x00000000c0000000,0x00000000c88fc880,0x00000000ca900000)
 Metaspace       used 88095K, capacity 93394K, committed 94464K, reserved 1130496K
  class space    used 12212K, capacity 13166K, committed 13568K, reserved 1048576K
Event: 102.176 GC heap after
Heap after GC invocations=58 (full 5):
 PSYoungGen      total 175104K, used 16620K [0x00000000eab00000, 0x00000000f9300000, 0x0000000100000000)
  eden space 125952K, 0% used [0x00000000eab00000,0x00000000eab00000,0x00000000f2600000)
  from space 49152K, 33% used [0x00000000f2600000,0x00000000f363b2c0,0x00000000f5600000)
  to   space 46592K, 0% used [0x00000000f6580000,0x00000000f6580000,0x00000000f9300000)
 ParOldGen       total 173056K, used 140634K [0x00000000c0000000, 0x00000000ca900000, 0x00000000eab00000)
  object space 173056K, 81% used [0x00000000c0000000,0x00000000c89568a0,0x00000000ca900000)
 Metaspace       used 88095K, capacity 93394K, committed 94464K, reserved 1130496K
  class space    used 12212K, capacity 13166K, committed 13568K, reserved 1048576K
}
Event: 313.610 GC heap before
{Heap before GC invocations=59 (full 5):
 PSYoungGen      total 175104K, used 142572K [0x00000000eab00000, 0x00000000f9300000, 0x0000000100000000)
  eden space 125952K, 100% used [0x00000000eab00000,0x00000000f2600000,0x00000000f2600000)
  from space 49152K, 33% used [0x00000000f2600000,0x00000000f363b2c0,0x00000000f5600000)
  to   space 46592K, 0% used [0x00000000f6580000,0x00000000f6580000,0x00000000f9300000)
 ParOldGen       total 173056K, used 140634K [0x00000000c0000000, 0x00000000ca900000, 0x00000000eab00000)
  object space 173056K, 81% used [0x00000000c0000000,0x00000000c89568a0,0x00000000ca900000)
 Metaspace       used 90930K, capacity 96470K, committed 97280K, reserved 1132544K
  class space    used 12431K, capacity 13420K, committed 13824K, reserved 1048576K
Event: 313.696 GC heap after
Heap after GC invocations=59 (full 5):
 PSYoungGen      total 185856K, used 9584K [0x00000000eab00000, 0x00000000f8f80000, 0x0000000100000000)
  eden space 142848K, 0% used [0x00000000eab00000,0x00000000eab00000,0x00000000f3680000)
  from space 43008K, 22% used [0x00000000f6580000,0x00000000f6edc258,0x00000000f8f80000)
  to   space 45568K, 0% used [0x00000000f3680000,0x00000000f3680000,0x00000000f6300000)
 ParOldGen       total 173056K, used 144950K [0x00000000c0000000, 0x00000000ca900000, 0x00000000eab00000)
  object space 173056K, 83% used [0x00000000c0000000,0x00000000c8d8d800,0x00000000ca900000)
 Metaspace       used 90930K, capacity 96470K, committed 97280K, reserved 1132544K
  class space    used 12431K, capacity 13420K, committed 13824K, reserved 1048576K
}
Event: 313.696 GC heap before
{Heap before GC invocations=60 (full 6):
 PSYoungGen      total 185856K, used 9584K [0x00000000eab00000, 0x00000000f8f80000, 0x0000000100000000)
  eden space 142848K, 0% used [0x00000000eab00000,0x00000000eab00000,0x00000000f3680000)
  from space 43008K, 22% used [0x00000000f6580000,0x00000000f6edc258,0x00000000f8f80000)
  to   space 45568K, 0% used [0x00000000f3680000,0x00000000f3680000,0x00000000f6300000)
 ParOldGen       total 173056K, used 144950K [0x00000000c0000000, 0x00000000ca900000, 0x00000000eab00000)
  object space 173056K, 83% used [0x00000000c0000000,0x00000000c8d8d800,0x00000000ca900000)
 Metaspace       used 90930K, capacity 96470K, committed 97280K, reserved 1132544K
  class space    used 12431K, capacity 13420K, committed 13824K, reserved 1048576K
Event: 313.919 GC heap after
Heap after GC invocations=60 (full 6):
 PSYoungGen      total 185856K, used 0K [0x00000000eab00000, 0x00000000f8f80000, 0x0000000100000000)
  eden space 142848K, 0% used [0x00000000eab00000,0x00000000eab00000,0x00000000f3680000)
  from space 43008K, 0% used [0x00000000f6580000,0x00000000f6580000,0x00000000f8f80000)
  to   space 45568K, 0% used [0x00000000f3680000,0x00000000f3680000,0x00000000f6300000)
 ParOldGen       total 171008K, used 70601K [0x00000000c0000000, 0x00000000ca700000, 0x00000000eab00000)
  object space 171008K, 41% used [0x00000000c0000000,0x00000000c44f2598,0x00000000ca700000)
 Metaspace       used 90920K, capacity 96448K, committed 97280K, reserved 1132544K
  class space    used 12427K, capacity 13413K, committed 13824K, reserved 1048576K
}
Event: 326.232 GC heap before
{Heap before GC invocations=61 (full 6):
 PSYoungGen      total 185856K, used 142848K [0x00000000eab00000, 0x00000000f8f80000, 0x0000000100000000)
  eden space 142848K, 100% used [0x00000000eab00000,0x00000000f3680000,0x00000000f3680000)
  from space 43008K, 0% used [0x00000000f6580000,0x00000000f6580000,0x00000000f8f80000)
  to   space 45568K, 0% used [0x00000000f3680000,0x00000000f3680000,0x00000000f6300000)
 ParOldGen       total 171008K, used 70601K [0x00000000c0000000, 0x00000000ca700000, 0x00000000eab00000)
  object space 171008K, 41% used [0x00000000c0000000,0x00000000c44f2598,0x00000000ca700000)
 Metaspace       used 96930K, capacity 102754K, committed 103552K, reserved 1138688K
  class space    used 13137K, capacity 14163K, committed 14464K, reserved 1048576K
Event: 326.566 GC heap after
Heap after GC invocations=61 (full 6):
 PSYoungGen      total 188416K, used 23069K [0x00000000eab00000, 0x00000000fa180000, 0x0000000100000000)
  eden space 142848K, 0% used [0x00000000eab00000,0x00000000eab00000,0x00000000f3680000)
  from space 45568K, 50% used [0x00000000f3680000,0x00000000f4d07730,0x00000000f6300000)
  to   space 44544K, 0% used [0x00000000f7600000,0x00000000f7600000,0x00000000fa180000)
 ParOldGen       total 171008K, used 70617K [0x00000000c0000000, 0x00000000ca700000, 0x00000000eab00000)
  object space 171008K, 41% used [0x00000000c0000000,0x00000000c44f6598,0x00000000ca700000)
 Metaspace       used 96930K, capacity 102754K, committed 103552K, reserved 1138688K
  class space    used 13137K, capacity 14163K, committed 14464K, reserved 1048576K
}
Event: 331.089 GC heap before
{Heap before GC invocations=62 (full 6):
 PSYoungGen      total 188416K, used 165917K [0x00000000eab00000, 0x00000000fa180000, 0x0000000100000000)
  eden space 142848K, 100% used [0x00000000eab00000,0x00000000f3680000,0x00000000f3680000)
  from space 45568K, 50% used [0x00000000f3680000,0x00000000f4d07730,0x00000000f6300000)
  to   space 44544K, 0% used [0x00000000f7600000,0x00000000f7600000,0x00000000fa180000)
 ParOldGen       total 171008K, used 70617K [0x00000000c0000000, 0x00000000ca700000, 0x00000000eab00000)
  object space 171008K, 41% used [0x00000000c0000000,0x00000000c44f6598,0x00000000ca700000)
 Metaspace       used 97414K, capacity 103132K, committed 103808K, reserved 1138688K
  class space    used 13156K, capacity 14174K, committed 14464K, reserved 1048576K
Event: 331.113 GC heap after
Heap after GC invocations=62 (full 6):
 PSYoungGen      total 204800K, used 3954K [0x00000000eab00000, 0x00000000fa000000, 0x0000000100000000)
  eden space 161792K, 0% used [0x00000000eab00000,0x00000000eab00000,0x00000000f4900000)
  from space 43008K, 9% used [0x00000000f7600000,0x00000000f79dcbf8,0x00000000fa000000)
  to   space 44544K, 0% used [0x00000000f4900000,0x00000000f4900000,0x00000000f7480000)
 ParOldGen       total 171008K, used 83011K [0x00000000c0000000, 0x00000000ca700000, 0x00000000eab00000)
  object space 171008K, 48% used [0x00000000c0000000,0x00000000c5110c10,0x00000000ca700000)
 Metaspace       used 97414K, capacity 103132K, committed 103808K, reserved 1138688K
  class space    used 13156K, capacity 14174K, committed 14464K, reserved 1048576K
}

