# JRE version: Java(TM) SE Runtime Environment (8.0_271-b09) (build 1.8.0_271-b09)
# Java VM: Java HotSpot(TM) 64-Bit Server VM (25.271-b09 mixed mode windows-amd64 compressed oops)
Heap:
 PSYoungGen      total 281088K, used 127037K [0x00000000eab00000, 0x00000000ffc00000, 0x0000000100000000)
  eden space 220160K, 50% used [0x00000000eab00000,0x00000000f17e1788,0x00000000f8200000)
  from space 60928K, 25% used [0x00000000f8200000,0x00000000f912ddd8,0x00000000fbd80000)
  to   space 59392K, 0% used [0x00000000fc200000,0x00000000fc200000,0x00000000ffc00000)
 ParOldGen       total 249856K, used 108172K [0x00000000c0000000, 0x00000000cf400000, 0x00000000eab00000)
  object space 249856K, 43% used [0x00000000c0000000,0x00000000c69a3350,0x00000000cf400000)
 Metaspace       used 182791K, capacity 194265K, committed 194600K, reserved 1218560K
  class space    used 22934K, capacity 24749K, committed 24872K, reserved 1048576K
GC Heap History (10 events):
Event: 9377.822 GC heap before
{Heap before GC invocations=158 (full 11):
 PSYoungGen      total 267264K, used 232053K [0x00000000eab00000, 0x00000000fff80000, 0x0000000100000000)
  eden space 194560K, 100% used [0x00000000eab00000,0x00000000f6900000,0x00000000f6900000)
  from space 72704K, 51% used [0x00000000faf00000,0x00000000fd39d460,0x00000000ff600000)
  to   space 71680K, 0% used [0x00000000f6900000,0x00000000f6900000,0x00000000faf00000)
 ParOldGen       total 249856K, used 107940K [0x00000000c0000000, 0x00000000cf400000, 0x00000000eab00000)
  object space 249856K, 43% used [0x00000000c0000000,0x00000000c6969330,0x00000000cf400000)
 Metaspace       used 182247K, capacity 193677K, committed 194088K, reserved 1218560K
  class space    used 22893K, capacity 24699K, committed 24872K, reserved 1048576K
Event: 9377.920 GC heap after
Heap after GC invocations=158 (full 11):
 PSYoungGen      total 266240K, used 26973K [0x00000000eab00000, 0x00000000ff800000, 0x0000000100000000)
  eden space 194560K, 0% used [0x00000000eab00000,0x00000000eab00000,0x00000000f6900000)
  from space 71680K, 37% used [0x00000000f6900000,0x00000000f83576e8,0x00000000faf00000)
  to   space 68096K, 0% used [0x00000000fb580000,0x00000000fb580000,0x00000000ff800000)
 ParOldGen       total 249856K, used 107940K [0x00000000c0000000, 0x00000000cf400000, 0x00000000eab00000)
  object space 249856K, 43% used [0x00000000c0000000,0x00000000c6969330,0x00000000cf400000)
 Metaspace       used 182247K, capacity 193677K, committed 194088K, reserved 1218560K
  class space    used 22893K, capacity 24699K, committed 24872K, reserved 1048576K
}
Event: 9380.384 GC heap before
{Heap before GC invocations=159 (full 11):
 PSYoungGen      total 266240K, used 221533K [0x00000000eab00000, 0x00000000ff800000, 0x0000000100000000)
  eden space 194560K, 100% used [0x00000000eab00000,0x00000000f6900000,0x00000000f6900000)
  from space 71680K, 37% used [0x00000000f6900000,0x00000000f83576e8,0x00000000faf00000)
  to   space 68096K, 0% used [0x00000000fb580000,0x00000000fb580000,0x00000000ff800000)
 ParOldGen       total 249856K, used 107940K [0x00000000c0000000, 0x00000000cf400000, 0x00000000eab00000)
  object space 249856K, 43% used [0x00000000c0000000,0x00000000c6969330,0x00000000cf400000)
 Metaspace       used 182367K, capacity 193835K, committed 194088K, reserved 1218560K
  class space    used 22896K, capacity 24702K, committed 24872K, reserved 1048576K
Event: 9380.437 GC heap after
Heap after GC invocations=159 (full 11):
 PSYoungGen      total 272896K, used 24528K [0x00000000eab00000, 0x00000000ff500000, 0x0000000100000000)
  eden space 207872K, 0% used [0x00000000eab00000,0x00000000eab00000,0x00000000f7600000)
  from space 65024K, 37% used [0x00000000fb580000,0x00000000fcd741e0,0x00000000ff500000)
  to   space 65024K, 0% used [0x00000000f7600000,0x00000000f7600000,0x00000000fb580000)
 ParOldGen       total 249856K, used 107940K [0x00000000c0000000, 0x00000000cf400000, 0x00000000eab00000)
  object space 249856K, 43% used [0x00000000c0000000,0x00000000c6969330,0x00000000cf400000)
 Metaspace       used 182367K, capacity 193835K, committed 194088K, reserved 1218560K
  class space    used 22896K, capacity 24702K, committed 24872K, reserved 1048576K
}
Event: 9382.506 GC heap before
{Heap before GC invocations=160 (full 11):
 PSYoungGen      total 272896K, used 232400K [0x00000000eab00000, 0x00000000ff500000, 0x0000000100000000)
  eden space 207872K, 100% used [0x00000000eab00000,0x00000000f7600000,0x00000000f7600000)
  from space 65024K, 37% used [0x00000000fb580000,0x00000000fcd741e0,0x00000000ff500000)
  to   space 65024K, 0% used [0x00000000f7600000,0x00000000f7600000,0x00000000fb580000)
 ParOldGen       total 249856K, used 107940K [0x00000000c0000000, 0x00000000cf400000, 0x00000000eab00000)
  object space 249856K, 43% used [0x00000000c0000000,0x00000000c6969330,0x00000000cf400000)
 Metaspace       used 182410K, capacity 193915K, committed 194088K, reserved 1218560K
  class space    used 22898K, capacity 24706K, committed 24872K, reserved 1048576K
Event: 9382.574 GC heap after
Heap after GC invocations=160 (full 11):
 PSYoungGen      total 272896K, used 24372K [0x00000000eab00000, 0x00000000ffa00000, 0x0000000100000000)
  eden space 207872K, 0% used [0x00000000eab00000,0x00000000eab00000,0x00000000f7600000)
  from space 65024K, 37% used [0x00000000f7600000,0x00000000f8dcd298,0x00000000fb580000)
  to   space 61952K, 0% used [0x00000000fbd80000,0x00000000fbd80000,0x00000000ffa00000)
 ParOldGen       total 249856K, used 108036K [0x00000000c0000000, 0x00000000cf400000, 0x00000000eab00000)
  object space 249856K, 43% used [0x00000000c0000000,0x00000000c6981330,0x00000000cf400000)
 Metaspace       used 182410K, capacity 193915K, committed 194088K, reserved 1218560K
  class space    used 22898K, capacity 24706K, committed 24872K, reserved 1048576K
}
Event: 9391.947 GC heap before
{Heap before GC invocations=161 (full 11):
 PSYoungGen      total 272896K, used 232244K [0x00000000eab00000, 0x00000000ffa00000, 0x0000000100000000)
  eden space 207872K, 100% used [0x00000000eab00000,0x00000000f7600000,0x00000000f7600000)
  from space 65024K, 37% used [0x00000000f7600000,0x00000000f8dcd298,0x00000000fb580000)
  to   space 61952K, 0% used [0x00000000fbd80000,0x00000000fbd80000,0x00000000ffa00000)
 ParOldGen       total 249856K, used 108036K [0x00000000c0000000, 0x00000000cf400000, 0x00000000eab00000)
  object space 249856K, 43% used [0x00000000c0000000,0x00000000c6981330,0x00000000cf400000)
 Metaspace       used 182574K, capacity 194067K, committed 194344K, reserved 1218560K
  class space    used 22910K, capacity 24712K, committed 24872K, reserved 1048576K
Event: 9392.212 GC heap after
Heap after GC invocations=161 (full 11):
 PSYoungGen      total 282112K, used 13049K [0x00000000eab00000, 0x00000000ffb00000, 0x0000000100000000)
  eden space 220160K, 0% used [0x00000000eab00000,0x00000000eab00000,0x00000000f8200000)
  from space 61952K, 21% used [0x00000000fbd80000,0x00000000fca3e4b0,0x00000000ffa00000)
  to   space 60928K, 0% used [0x00000000f8200000,0x00000000f8200000,0x00000000fbd80000)
 ParOldGen       total 249856K, used 108100K [0x00000000c0000000, 0x00000000cf400000, 0x00000000eab00000)
  object space 249856K, 43% used [0x00000000c0000000,0x00000000c6991330,0x00000000cf400000)
 Metaspace       used 182574K, capacity 194067K, committed 194344K, reserved 1218560K
  class space    used 22910K, capacity 24712K, committed 24872K, reserved 1048576K
}
Event: 9393.941 GC heap before
{Heap before GC invocations=162 (full 11):
 PSYoungGen      total 282112K, used 233209K [0x00000000eab00000, 0x00000000ffb00000, 0x0000000100000000)
  eden space 220160K, 100% used [0x00000000eab00000,0x00000000f8200000,0x00000000f8200000)
  from space 61952K, 21% used [0x00000000fbd80000,0x00000000fca3e4b0,0x00000000ffa00000)
  to   space 60928K, 0% used [0x00000000f8200000,0x00000000f8200000,0x00000000fbd80000)
 ParOldGen       total 249856K, used 108100K [0x00000000c0000000, 0x00000000cf400000, 0x00000000eab00000)
  object space 249856K, 43% used [0x00000000c0000000,0x00000000c6991330,0x00000000cf400000)
 Metaspace       used 182611K, capacity 194075K, committed 194344K, reserved 1218560K
  class space    used 22912K, capacity 24712K, committed 24872K, reserved 1048576K
Event: 9393.963 GC heap after
Heap after GC invocations=162 (full 11):
 PSYoungGen      total 281088K, used 15543K [0x00000000eab00000, 0x00000000ffc00000, 0x0000000100000000)
  eden space 220160K, 0% used [0x00000000eab00000,0x00000000eab00000,0x00000000f8200000)
  from space 60928K, 25% used [0x00000000f8200000,0x00000000f912ddd8,0x00000000fbd80000)
  to   space 59392K, 0% used [0x00000000fc200000,0x00000000fc200000,0x00000000ffc00000)
 ParOldGen       total 249856K, used 108172K [0x00000000c0000000, 0x00000000cf400000, 0x00000000eab00000)
  object space 249856K, 43% used [0x00000000c0000000,0x00000000c69a3350,0x00000000cf400000)
 Metaspace       used 182611K, capacity 194075K, committed 194344K, reserved 1218560K
  class space    used 22912K, capacity 24712K, committed 24872K, reserved 1048576K
}

