# JRE version: Java(TM) SE Runtime Environment (8.0_271-b09) (build 1.8.0_271-b09)
# Java VM: Java HotSpot(TM) 64-Bit Server VM (25.271-b09 mixed mode windows-amd64 compressed oops)
Heap:
 PSYoungGen      total 20480K, used 2K [0x00000000eab00000, 0x00000000ec480000, 0x0000000100000000)
  eden space 14848K, 0% used [0x00000000eab00000,0x00000000eab00830,0x00000000eb980000)
  from space 5632K, 0% used [0x00000000ebf00000,0x00000000ebf00000,0x00000000ec480000)
  to   space 5632K, 0% used [0x00000000eb980000,0x00000000eb980000,0x00000000ebf00000)
 ParOldGen       total 31744K, used 15672K [0x00000000c0000000, 0x00000000c1f00000, 0x00000000eab00000)
  object space 31744K, 49% used [0x00000000c0000000,0x00000000c0f4e1b8,0x00000000c1f00000)
 Metaspace       used 41765K, capacity 43388K, committed 43904K, reserved 1091584K
  class space    used 5788K, capacity 6110K, committed 6272K, reserved 1048576K
GC Heap History (10 events):
Event: 222.390 GC heap before
{Heap before GC invocations=35 (full 3):
 PSYoungGen      total 20480K, used 1184K [0x00000000eab00000, 0x00000000ec480000, 0x0000000100000000)
  eden space 14848K, 0% used [0x00000000eab00000,0x00000000eab00000,0x00000000eb980000)
  from space 5632K, 21% used [0x00000000ebf00000,0x00000000ec028388,0x00000000ec480000)
  to   space 5632K, 0% used [0x00000000eb980000,0x00000000eb980000,0x00000000ebf00000)
 ParOldGen       total 31744K, used 18996K [0x00000000c0000000, 0x00000000c1f00000, 0x00000000eab00000)
  object space 31744K, 59% used [0x00000000c0000000,0x00000000c128d2e0,0x00000000c1f00000)
 Metaspace       used 41902K, capacity 43714K, committed 43904K, reserved 1091584K
  class space    used 5830K, capacity 6189K, committed 6272K, reserved 1048576K
Event: 222.659 GC heap after
Heap after GC invocations=35 (full 3):
 PSYoungGen      total 20480K, used 0K [0x00000000eab00000, 0x00000000ec480000, 0x0000000100000000)
  eden space 14848K, 0% used [0x00000000eab00000,0x00000000eab00000,0x00000000eb980000)
  from space 5632K, 0% used [0x00000000ebf00000,0x00000000ebf00000,0x00000000ec480000)
  to   space 5632K, 0% used [0x00000000eb980000,0x00000000eb980000,0x00000000ebf00000)
 ParOldGen       total 31744K, used 19146K [0x00000000c0000000, 0x00000000c1f00000, 0x00000000eab00000)
  object space 31744K, 60% used [0x00000000c0000000,0x00000000c12b2bd0,0x00000000c1f00000)
 Metaspace       used 41877K, capacity 43630K, committed 43904K, reserved 1089536K
  class space    used 5823K, capacity 6175K, committed 6272K, reserved 1048576K
}
Event: 222.661 GC heap before
{Heap before GC invocations=36 (full 3):
 PSYoungGen      total 20480K, used 277K [0x00000000eab00000, 0x00000000ec480000, 0x0000000100000000)
  eden space 14848K, 1% used [0x00000000eab00000,0x00000000eab45770,0x00000000eb980000)
  from space 5632K, 0% used [0x00000000ebf00000,0x00000000ebf00000,0x00000000ec480000)
  to   space 5632K, 0% used [0x00000000eb980000,0x00000000eb980000,0x00000000ebf00000)
 ParOldGen       total 31744K, used 19146K [0x00000000c0000000, 0x00000000c1f00000, 0x00000000eab00000)
  object space 31744K, 60% used [0x00000000c0000000,0x00000000c12b2bd0,0x00000000c1f00000)
 Metaspace       used 41879K, capacity 43630K, committed 43904K, reserved 1093632K
  class space    used 5823K, capacity 6175K, committed 6272K, reserved 1048576K
Event: 222.662 GC heap after
Heap after GC invocations=36 (full 3):
 PSYoungGen      total 20480K, used 160K [0x00000000eab00000, 0x00000000ec480000, 0x0000000100000000)
  eden space 14848K, 0% used [0x00000000eab00000,0x00000000eab00000,0x00000000eb980000)
  from space 5632K, 2% used [0x00000000eb980000,0x00000000eb9a8000,0x00000000ebf00000)
  to   space 5632K, 0% used [0x00000000ebf00000,0x00000000ebf00000,0x00000000ec480000)
 ParOldGen       total 31744K, used 19146K [0x00000000c0000000, 0x00000000c1f00000, 0x00000000eab00000)
  object space 31744K, 60% used [0x00000000c0000000,0x00000000c12b2bd0,0x00000000c1f00000)
 Metaspace       used 41879K, capacity 43630K, committed 43904K, reserved 1093632K
  class space    used 5823K, capacity 6175K, committed 6272K, reserved 1048576K
}
Event: 222.662 GC heap before
{Heap before GC invocations=37 (full 4):
 PSYoungGen      total 20480K, used 160K [0x00000000eab00000, 0x00000000ec480000, 0x0000000100000000)
  eden space 14848K, 0% used [0x00000000eab00000,0x00000000eab00000,0x00000000eb980000)
  from space 5632K, 2% used [0x00000000eb980000,0x00000000eb9a8000,0x00000000ebf00000)
  to   space 5632K, 0% used [0x00000000ebf00000,0x00000000ebf00000,0x00000000ec480000)
 ParOldGen       total 31744K, used 19146K [0x00000000c0000000, 0x00000000c1f00000, 0x00000000eab00000)
  object space 31744K, 60% used [0x00000000c0000000,0x00000000c12b2bd0,0x00000000c1f00000)
 Metaspace       used 41879K, capacity 43630K, committed 43904K, reserved 1093632K
  class space    used 5823K, capacity 6175K, committed 6272K, reserved 1048576K
Event: 222.709 GC heap after
Heap after GC invocations=37 (full 4):
 PSYoungGen      total 20480K, used 0K [0x00000000eab00000, 0x00000000ec480000, 0x0000000100000000)
  eden space 14848K, 0% used [0x00000000eab00000,0x00000000eab00000,0x00000000eb980000)
  from space 5632K, 0% used [0x00000000eb980000,0x00000000eb980000,0x00000000ebf00000)
  to   space 5632K, 0% used [0x00000000ebf00000,0x00000000ebf00000,0x00000000ec480000)
 ParOldGen       total 31744K, used 18230K [0x00000000c0000000, 0x00000000c1f00000, 0x00000000eab00000)
  object space 31744K, 57% used [0x00000000c0000000,0x00000000c11cd808,0x00000000c1f00000)
 Metaspace       used 41879K, capacity 43630K, committed 43904K, reserved 1089536K
  class space    used 5823K, capacity 6175K, committed 6272K, reserved 1048576K
}
Event: 222.709 GC heap before
{Heap before GC invocations=38 (full 4):
 PSYoungGen      total 20480K, used 0K [0x00000000eab00000, 0x00000000ec480000, 0x0000000100000000)
  eden space 14848K, 0% used [0x00000000eab00000,0x00000000eab00000,0x00000000eb980000)
  from space 5632K, 0% used [0x00000000eb980000,0x00000000eb980000,0x00000000ebf00000)
  to   space 5632K, 0% used [0x00000000ebf00000,0x00000000ebf00000,0x00000000ec480000)
 ParOldGen       total 31744K, used 18230K [0x00000000c0000000, 0x00000000c1f00000, 0x00000000eab00000)
  object space 31744K, 57% used [0x00000000c0000000,0x00000000c11cd808,0x00000000c1f00000)
 Metaspace       used 41879K, capacity 43630K, committed 43904K, reserved 1093632K
  class space    used 5823K, capacity 6175K, committed 6272K, reserved 1048576K
Event: 222.710 GC heap after
Heap after GC invocations=38 (full 4):
 PSYoungGen      total 20480K, used 0K [0x00000000eab00000, 0x00000000ec480000, 0x0000000100000000)
  eden space 14848K, 0% used [0x00000000eab00000,0x00000000eab00000,0x00000000eb980000)
  from space 5632K, 0% used [0x00000000ebf00000,0x00000000ebf00000,0x00000000ec480000)
  to   space 5632K, 0% used [0x00000000eb980000,0x00000000eb980000,0x00000000ebf00000)
 ParOldGen       total 31744K, used 18230K [0x00000000c0000000, 0x00000000c1f00000, 0x00000000eab00000)
  object space 31744K, 57% used [0x00000000c0000000,0x00000000c11cd808,0x00000000c1f00000)
 Metaspace       used 41879K, capacity 43630K, committed 43904K, reserved 1093632K
  class space    used 5823K, capacity 6175K, committed 6272K, reserved 1048576K
}
Event: 222.710 GC heap before
{Heap before GC invocations=39 (full 5):
 PSYoungGen      total 20480K, used 0K [0x00000000eab00000, 0x00000000ec480000, 0x0000000100000000)
  eden space 14848K, 0% used [0x00000000eab00000,0x00000000eab00000,0x00000000eb980000)
  from space 5632K, 0% used [0x00000000ebf00000,0x00000000ebf00000,0x00000000ec480000)
  to   space 5632K, 0% used [0x00000000eb980000,0x00000000eb980000,0x00000000ebf00000)
 ParOldGen       total 31744K, used 18230K [0x00000000c0000000, 0x00000000c1f00000, 0x00000000eab00000)
  object space 31744K, 57% used [0x00000000c0000000,0x00000000c11cd808,0x00000000c1f00000)
 Metaspace       used 41879K, capacity 43630K, committed 43904K, reserved 1093632K
  class space    used 5823K, capacity 6175K, committed 6272K, reserved 1048576K
Event: 222.857 GC heap after
Heap after GC invocations=39 (full 5):
 PSYoungGen      total 20480K, used 0K [0x00000000eab00000, 0x00000000ec480000, 0x0000000100000000)
  eden space 14848K, 0% used [0x00000000eab00000,0x00000000eab00000,0x00000000eb980000)
  from space 5632K, 0% used [0x00000000ebf00000,0x00000000ebf00000,0x00000000ec480000)
  to   space 5632K, 0% used [0x00000000eb980000,0x00000000eb980000,0x00000000ebf00000)
 ParOldGen       total 31744K, used 15672K [0x00000000c0000000, 0x00000000c1f00000, 0x00000000eab00000)
  object space 31744K, 49% used [0x00000000c0000000,0x00000000c0f4e1b8,0x00000000c1f00000)
 Metaspace       used 41765K, capacity 43388K, committed 43904K, reserved 1089536K
  class space    used 5788K, capacity 6110K, committed 6272K, reserved 1048576K
}

