# JRE version: Java(TM) SE Runtime Environment (8.0_271-b09) (build 1.8.0_271-b09)
# Java VM: Java HotSpot(TM) 64-Bit Server VM (25.271-b09 mixed mode windows-amd64 compressed oops)
Heap:
 PSYoungGen      total 210944K, used 142057K [0x00000000eab00000, 0x00000000fbd80000, 0x0000000100000000)
  eden space 153088K, 92% used [0x00000000eab00000,0x00000000f35ba458,0x00000000f4080000)
  from space 57856K, 0% used [0x00000000f7c00000,0x00000000f7c00000,0x00000000fb480000)
  to   space 60928K, 0% used [0x00000000f4080000,0x00000000f4080000,0x00000000f7c00000)
 ParOldGen       total 216576K, used 138949K [0x00000000c0000000, 0x00000000cd380000, 0x00000000eab00000)
  object space 216576K, 64% used [0x00000000c0000000,0x00000000c87b1488,0x00000000cd380000)
 Metaspace       used 114542K, capacity 120646K, committed 122624K, reserved 1155072K
  class space    used 15364K, capacity 16398K, committed 16896K, reserved 1048576K
GC Heap History (10 events):
Event: 1746.609 GC heap before
{Heap before GC invocations=60 (full 5):
 PSYoungGen      total 155136K, used 31671K [0x00000000eab00000, 0x00000000f8580000, 0x0000000100000000)
  eden space 115712K, 0% used [0x00000000eab00000,0x00000000eab00000,0x00000000f1c00000)
  from space 39424K, 80% used [0x00000000f1c00000,0x00000000f3aede08,0x00000000f4280000)
  to   space 42496K, 0% used [0x00000000f5c00000,0x00000000f5c00000,0x00000000f8580000)
 ParOldGen       total 149504K, used 148996K [0x00000000c0000000, 0x00000000c9200000, 0x00000000eab00000)
  object space 149504K, 99% used [0x00000000c0000000,0x00000000c9181028,0x00000000c9200000)
 Metaspace       used 113881K, capacity 120796K, committed 120960K, reserved 1153024K
  class space    used 15464K, capacity 16720K, committed 16768K, reserved 1048576K
Event: 1809.979 GC heap after
Heap after GC invocations=60 (full 5):
 PSYoungGen      total 155136K, used 0K [0x00000000eab00000, 0x00000000f8580000, 0x0000000100000000)
  eden space 115712K, 0% used [0x00000000eab00000,0x00000000eab00000,0x00000000f1c00000)
  from space 39424K, 0% used [0x00000000f1c00000,0x00000000f1c00000,0x00000000f4280000)
  to   space 42496K, 0% used [0x00000000f5c00000,0x00000000f5c00000,0x00000000f8580000)
 ParOldGen       total 216576K, used 136570K [0x00000000c0000000, 0x00000000cd380000, 0x00000000eab00000)
  object space 216576K, 63% used [0x00000000c0000000,0x00000000c855e968,0x00000000cd380000)
 Metaspace       used 112543K, capacity 118162K, committed 120960K, reserved 1153024K
  class space    used 15141K, capacity 16134K, committed 16768K, reserved 1048576K
}
Event: 1812.242 GC heap before
{Heap before GC invocations=61 (full 5):
 PSYoungGen      total 155136K, used 115712K [0x00000000eab00000, 0x00000000f8580000, 0x0000000100000000)
  eden space 115712K, 100% used [0x00000000eab00000,0x00000000f1c00000,0x00000000f1c00000)
  from space 39424K, 0% used [0x00000000f1c00000,0x00000000f1c00000,0x00000000f4280000)
  to   space 42496K, 0% used [0x00000000f5c00000,0x00000000f5c00000,0x00000000f8580000)
 ParOldGen       total 216576K, used 136570K [0x00000000c0000000, 0x00000000cd380000, 0x00000000eab00000)
  object space 216576K, 63% used [0x00000000c0000000,0x00000000c855e968,0x00000000cd380000)
 Metaspace       used 112543K, capacity 118162K, committed 120960K, reserved 1153024K
  class space    used 15141K, capacity 16134K, committed 16768K, reserved 1048576K
Event: 1812.573 GC heap after
Heap after GC invocations=61 (full 5):
 PSYoungGen      total 177152K, used 26768K [0x00000000eab00000, 0x00000000f8480000, 0x0000000100000000)
  eden space 135680K, 0% used [0x00000000eab00000,0x00000000eab00000,0x00000000f2f80000)
  from space 41472K, 64% used [0x00000000f5c00000,0x00000000f76243f0,0x00000000f8480000)
  to   space 43520K, 0% used [0x00000000f2f80000,0x00000000f2f80000,0x00000000f5a00000)
 ParOldGen       total 216576K, used 136570K [0x00000000c0000000, 0x00000000cd380000, 0x00000000eab00000)
  object space 216576K, 63% used [0x00000000c0000000,0x00000000c855e968,0x00000000cd380000)
 Metaspace       used 112543K, capacity 118162K, committed 120960K, reserved 1153024K
  class space    used 15141K, capacity 16134K, committed 16768K, reserved 1048576K
}
Event: 1846.250 GC heap before
{Heap before GC invocations=62 (full 5):
 PSYoungGen      total 177152K, used 162448K [0x00000000eab00000, 0x00000000f8480000, 0x0000000100000000)
  eden space 135680K, 100% used [0x00000000eab00000,0x00000000f2f80000,0x00000000f2f80000)
  from space 41472K, 64% used [0x00000000f5c00000,0x00000000f76243f0,0x00000000f8480000)
  to   space 43520K, 0% used [0x00000000f2f80000,0x00000000f2f80000,0x00000000f5a00000)
 ParOldGen       total 216576K, used 136570K [0x00000000c0000000, 0x00000000cd380000, 0x00000000eab00000)
  object space 216576K, 63% used [0x00000000c0000000,0x00000000c855e968,0x00000000cd380000)
 Metaspace       used 114402K, capacity 120574K, committed 122624K, reserved 1155072K
  class space    used 15374K, capacity 16416K, committed 16896K, reserved 1048576K
Event: 1846.485 GC heap after
Heap after GC invocations=62 (full 5):
 PSYoungGen      total 179200K, used 43499K [0x00000000eab00000, 0x00000000fb480000, 0x0000000100000000)
  eden space 135680K, 0% used [0x00000000eab00000,0x00000000eab00000,0x00000000f2f80000)
  from space 43520K, 99% used [0x00000000f2f80000,0x00000000f59fad90,0x00000000f5a00000)
  to   space 57856K, 0% used [0x00000000f7c00000,0x00000000f7c00000,0x00000000fb480000)
 ParOldGen       total 216576K, used 158297K [0x00000000c0000000, 0x00000000cd380000, 0x00000000eab00000)
  object space 216576K, 73% used [0x00000000c0000000,0x00000000c9a96478,0x00000000cd380000)
 Metaspace       used 114402K, capacity 120574K, committed 122624K, reserved 1155072K
  class space    used 15374K, capacity 16416K, committed 16896K, reserved 1048576K
}
Event: 1848.436 GC heap before
{Heap before GC invocations=63 (full 5):
 PSYoungGen      total 179200K, used 178611K [0x00000000eab00000, 0x00000000fb480000, 0x0000000100000000)
  eden space 135680K, 99% used [0x00000000eab00000,0x00000000f2ef1fd0,0x00000000f2f80000)
  from space 43520K, 99% used [0x00000000f2f80000,0x00000000f59fad90,0x00000000f5a00000)
  to   space 57856K, 0% used [0x00000000f7c00000,0x00000000f7c00000,0x00000000fb480000)
 ParOldGen       total 216576K, used 158297K [0x00000000c0000000, 0x00000000cd380000, 0x00000000eab00000)
  object space 216576K, 73% used [0x00000000c0000000,0x00000000c9a96478,0x00000000cd380000)
 Metaspace       used 114478K, capacity 120656K, committed 122624K, reserved 1155072K
  class space    used 15375K, capacity 16417K, committed 16896K, reserved 1048576K
Event: 1849.207 GC heap after
Heap after GC invocations=63 (full 5):
 PSYoungGen      total 210944K, used 41135K [0x00000000eab00000, 0x00000000fbd80000, 0x0000000100000000)
  eden space 153088K, 0% used [0x00000000eab00000,0x00000000eab00000,0x00000000f4080000)
  from space 57856K, 71% used [0x00000000f7c00000,0x00000000fa42be78,0x00000000fb480000)
  to   space 60928K, 0% used [0x00000000f4080000,0x00000000f4080000,0x00000000f7c00000)
 ParOldGen       total 216576K, used 190170K [0x00000000c0000000, 0x00000000cd380000, 0x00000000eab00000)
  object space 216576K, 87% used [0x00000000c0000000,0x00000000cb9b6bd0,0x00000000cd380000)
 Metaspace       used 114478K, capacity 120656K, committed 122624K, reserved 1155072K
  class space    used 15375K, capacity 16417K, committed 16896K, reserved 1048576K
}
Event: 1849.207 GC heap before
{Heap before GC invocations=64 (full 6):
 PSYoungGen      total 210944K, used 41135K [0x00000000eab00000, 0x00000000fbd80000, 0x0000000100000000)
  eden space 153088K, 0% used [0x00000000eab00000,0x00000000eab00000,0x00000000f4080000)
  from space 57856K, 71% used [0x00000000f7c00000,0x00000000fa42be78,0x00000000fb480000)
  to   space 60928K, 0% used [0x00000000f4080000,0x00000000f4080000,0x00000000f7c00000)
 ParOldGen       total 216576K, used 190170K [0x00000000c0000000, 0x00000000cd380000, 0x00000000eab00000)
  object space 216576K, 87% used [0x00000000c0000000,0x00000000cb9b6bd0,0x00000000cd380000)
 Metaspace       used 114478K, capacity 120656K, committed 122624K, reserved 1155072K
  class space    used 15375K, capacity 16417K, committed 16896K, reserved 1048576K
Event: 1865.624 GC heap after
Heap after GC invocations=64 (full 6):
 PSYoungGen      total 210944K, used 0K [0x00000000eab00000, 0x00000000fbd80000, 0x0000000100000000)
  eden space 153088K, 0% used [0x00000000eab00000,0x00000000eab00000,0x00000000f4080000)
  from space 57856K, 0% used [0x00000000f7c00000,0x00000000f7c00000,0x00000000fb480000)
  to   space 60928K, 0% used [0x00000000f4080000,0x00000000f4080000,0x00000000f7c00000)
 ParOldGen       total 216576K, used 138949K [0x00000000c0000000, 0x00000000cd380000, 0x00000000eab00000)
  object space 216576K, 64% used [0x00000000c0000000,0x00000000c87b1488,0x00000000cd380000)
 Metaspace       used 114446K, capacity 120572K, committed 122624K, reserved 1155072K
  class space    used 15363K, capacity 16397K, committed 16896K, reserved 1048576K
}

