# JRE version: Java(TM) SE Runtime Environment (8.0_271-b09) (build 1.8.0_271-b09)
# Java VM: Java HotSpot(TM) 64-Bit Server VM (25.271-b09 mixed mode windows-amd64 compressed oops)
Heap:
 PSYoungGen      total 83456K, used 57641K [0x00000000eab00000, 0x00000000f0780000, 0x0000000100000000)
  eden space 77312K, 66% used [0x00000000eab00000,0x00000000edd4c620,0x00000000ef680000)
  from space 6144K, 99% used [0x00000000efe80000,0x00000000f047e0b0,0x00000000f0480000)
  to   space 8192K, 0% used [0x00000000ef680000,0x00000000ef680000,0x00000000efe80000)
 ParOldGen       total 36864K, used 18492K [0x00000000c0000000, 0x00000000c2400000, 0x00000000eab00000)
  object space 36864K, 50% used [0x00000000c0000000,0x00000000c120f2b0,0x00000000c2400000)
 Metaspace       used 47823K, capacity 50012K, committed 50048K, reserved 1091584K
  class space    used 6612K, capacity 7027K, committed 7040K, reserved 1048576K
GC Heap History (10 events):
Event: 62.809 GC heap before
{Heap before GC invocations=22 (full 1):
 PSYoungGen      total 50688K, used 13583K [0x00000000eab00000, 0x00000000ee280000, 0x0000000100000000)
  eden space 45568K, 23% used [0x00000000eab00000,0x00000000eb57d868,0x00000000ed780000)
  from space 5120K, 55% used [0x00000000edd80000,0x00000000ee046640,0x00000000ee280000)
  to   space 5632K, 0% used [0x00000000ed780000,0x00000000ed780000,0x00000000edd00000)
 ParOldGen       total 26112K, used 12916K [0x00000000c0000000, 0x00000000c1980000, 0x00000000eab00000)
  object space 26112K, 49% used [0x00000000c0000000,0x00000000c0c9d1b8,0x00000000c1980000)
 Metaspace       used 34219K, capacity 35422K, committed 35496K, reserved 1079296K
  class space    used 4783K, capacity 5051K, committed 5120K, reserved 1048576K
Event: 62.812 GC heap after
Heap after GC invocations=22 (full 1):
 PSYoungGen      total 51200K, used 841K [0x00000000eab00000, 0x00000000ef380000, 0x0000000100000000)
  eden space 45568K, 0% used [0x00000000eab00000,0x00000000eab00000,0x00000000ed780000)
  from space 5632K, 14% used [0x00000000ed780000,0x00000000ed852688,0x00000000edd00000)
  to   space 5632K, 0% used [0x00000000eee00000,0x00000000eee00000,0x00000000ef380000)
 ParOldGen       total 26112K, used 14033K [0x00000000c0000000, 0x00000000c1980000, 0x00000000eab00000)
  object space 26112K, 53% used [0x00000000c0000000,0x00000000c0db45b8,0x00000000c1980000)
 Metaspace       used 34219K, capacity 35422K, committed 35496K, reserved 1079296K
  class space    used 4783K, capacity 5051K, committed 5120K, reserved 1048576K
}
Event: 62.812 GC heap before
{Heap before GC invocations=23 (full 2):
 PSYoungGen      total 51200K, used 841K [0x00000000eab00000, 0x00000000ef380000, 0x0000000100000000)
  eden space 45568K, 0% used [0x00000000eab00000,0x00000000eab00000,0x00000000ed780000)
  from space 5632K, 14% used [0x00000000ed780000,0x00000000ed852688,0x00000000edd00000)
  to   space 5632K, 0% used [0x00000000eee00000,0x00000000eee00000,0x00000000ef380000)
 ParOldGen       total 26112K, used 14033K [0x00000000c0000000, 0x00000000c1980000, 0x00000000eab00000)
  object space 26112K, 53% used [0x00000000c0000000,0x00000000c0db45b8,0x00000000c1980000)
 Metaspace       used 34219K, capacity 35422K, committed 35496K, reserved 1079296K
  class space    used 4783K, capacity 5051K, committed 5120K, reserved 1048576K
Event: 62.964 GC heap after
Heap after GC invocations=23 (full 2):
 PSYoungGen      total 51200K, used 0K [0x00000000eab00000, 0x00000000ef380000, 0x0000000100000000)
  eden space 45568K, 0% used [0x00000000eab00000,0x00000000eab00000,0x00000000ed780000)
  from space 5632K, 0% used [0x00000000ed780000,0x00000000ed780000,0x00000000edd00000)
  to   space 5632K, 0% used [0x00000000eee00000,0x00000000eee00000,0x00000000ef380000)
 ParOldGen       total 36864K, used 14401K [0x00000000c0000000, 0x00000000c2400000, 0x00000000eab00000)
  object space 36864K, 39% used [0x00000000c0000000,0x00000000c0e105b0,0x00000000c2400000)
 Metaspace       used 34219K, capacity 35422K, committed 35496K, reserved 1079296K
  class space    used 4783K, capacity 5051K, committed 5120K, reserved 1048576K
}
Event: 65.703 GC heap before
{Heap before GC invocations=24 (full 2):
 PSYoungGen      total 51200K, used 45568K [0x00000000eab00000, 0x00000000ef380000, 0x0000000100000000)
  eden space 45568K, 100% used [0x00000000eab00000,0x00000000ed780000,0x00000000ed780000)
  from space 5632K, 0% used [0x00000000ed780000,0x00000000ed780000,0x00000000edd00000)
  to   space 5632K, 0% used [0x00000000eee00000,0x00000000eee00000,0x00000000ef380000)
 ParOldGen       total 36864K, used 14401K [0x00000000c0000000, 0x00000000c2400000, 0x00000000eab00000)
  object space 36864K, 39% used [0x00000000c0000000,0x00000000c0e105b0,0x00000000c2400000)
 Metaspace       used 36572K, capacity 38120K, committed 38272K, reserved 1081344K
  class space    used 5163K, capacity 5495K, committed 5504K, reserved 1048576K
Event: 65.711 GC heap after
Heap after GC invocations=24 (full 2):
 PSYoungGen      total 64512K, used 3514K [0x00000000eab00000, 0x00000000ef200000, 0x0000000100000000)
  eden space 60416K, 0% used [0x00000000eab00000,0x00000000eab00000,0x00000000ee600000)
  from space 4096K, 85% used [0x00000000eee00000,0x00000000ef16e9f8,0x00000000ef200000)
  to   space 6144K, 0% used [0x00000000ee600000,0x00000000ee600000,0x00000000eec00000)
 ParOldGen       total 36864K, used 14409K [0x00000000c0000000, 0x00000000c2400000, 0x00000000eab00000)
  object space 36864K, 39% used [0x00000000c0000000,0x00000000c0e125b0,0x00000000c2400000)
 Metaspace       used 36572K, capacity 38120K, committed 38272K, reserved 1081344K
  class space    used 5163K, capacity 5495K, committed 5504K, reserved 1048576K
}
Event: 75.783 GC heap before
{Heap before GC invocations=25 (full 2):
 PSYoungGen      total 64512K, used 63930K [0x00000000eab00000, 0x00000000ef200000, 0x0000000100000000)
  eden space 60416K, 100% used [0x00000000eab00000,0x00000000ee600000,0x00000000ee600000)
  from space 4096K, 85% used [0x00000000eee00000,0x00000000ef16e9f8,0x00000000ef200000)
  to   space 6144K, 0% used [0x00000000ee600000,0x00000000ee600000,0x00000000eec00000)
 ParOldGen       total 36864K, used 14409K [0x00000000c0000000, 0x00000000c2400000, 0x00000000eab00000)
  object space 36864K, 39% used [0x00000000c0000000,0x00000000c0e125b0,0x00000000c2400000)
 Metaspace       used 38323K, capacity 40122K, committed 40320K, reserved 1083392K
  class space    used 5382K, capacity 5706K, committed 5760K, reserved 1048576K
Event: 75.790 GC heap after
Heap after GC invocations=25 (full 2):
 PSYoungGen      total 66560K, used 3716K [0x00000000eab00000, 0x00000000f0480000, 0x0000000100000000)
  eden space 60416K, 0% used [0x00000000eab00000,0x00000000eab00000,0x00000000ee600000)
  from space 6144K, 60% used [0x00000000ee600000,0x00000000ee9a1058,0x00000000eec00000)
  to   space 6144K, 0% used [0x00000000efe80000,0x00000000efe80000,0x00000000f0480000)
 ParOldGen       total 36864K, used 15763K [0x00000000c0000000, 0x00000000c2400000, 0x00000000eab00000)
  object space 36864K, 42% used [0x00000000c0000000,0x00000000c0f64ca0,0x00000000c2400000)
 Metaspace       used 38323K, capacity 40122K, committed 40320K, reserved 1083392K
  class space    used 5382K, capacity 5706K, committed 5760K, reserved 1048576K
}
Event: 93.031 GC heap before
{Heap before GC invocations=26 (full 2):
 PSYoungGen      total 66560K, used 64132K [0x00000000eab00000, 0x00000000f0480000, 0x0000000100000000)
  eden space 60416K, 100% used [0x00000000eab00000,0x00000000ee600000,0x00000000ee600000)
  from space 6144K, 60% used [0x00000000ee600000,0x00000000ee9a1058,0x00000000eec00000)
  to   space 6144K, 0% used [0x00000000efe80000,0x00000000efe80000,0x00000000f0480000)
 ParOldGen       total 36864K, used 15763K [0x00000000c0000000, 0x00000000c2400000, 0x00000000eab00000)
  object space 36864K, 42% used [0x00000000c0000000,0x00000000c0f64ca0,0x00000000c2400000)
 Metaspace       used 43124K, capacity 45160K, committed 45312K, reserved 1087488K
  class space    used 6013K, capacity 6398K, committed 6400K, reserved 1048576K
Event: 93.062 GC heap after
Heap after GC invocations=26 (full 2):
 PSYoungGen      total 83456K, used 6136K [0x00000000eab00000, 0x00000000f0780000, 0x0000000100000000)
  eden space 77312K, 0% used [0x00000000eab00000,0x00000000eab00000,0x00000000ef680000)
  from space 6144K, 99% used [0x00000000efe80000,0x00000000f047e0b0,0x00000000f0480000)
  to   space 8192K, 0% used [0x00000000ef680000,0x00000000ef680000,0x00000000efe80000)
 ParOldGen       total 36864K, used 18492K [0x00000000c0000000, 0x00000000c2400000, 0x00000000eab00000)
  object space 36864K, 50% used [0x00000000c0000000,0x00000000c120f2b0,0x00000000c2400000)
 Metaspace       used 43124K, capacity 45160K, committed 45312K, reserved 1087488K
  class space    used 6013K, capacity 6398K, committed 6400K, reserved 1048576K
}

