# JRE version: Java(TM) SE Runtime Environment (8.0_271-b09) (build 1.8.0_271-b09)
# Java VM: Java HotSpot(TM) 64-Bit Server VM (25.271-b09 mixed mode windows-amd64 compressed oops)
Heap:
 PSYoungGen      total 267264K, used 94949K [0x00000000eab00000, 0x0000000100000000, 0x0000000100000000)
  eden space 246272K, 38% used [0x00000000eab00000,0x00000000f07b9570,0x00000000f9b80000)
  from space 20992K, 0% used [0x00000000f9b80000,0x00000000f9b80000,0x00000000fb000000)
  to   space 20992K, 0% used [0x00000000feb80000,0x00000000feb80000,0x0000000100000000)
 ParOldGen       total 78848K, used 31917K [0x00000000c0000000, 0x00000000c4d00000, 0x00000000eab00000)
  object space 78848K, 40% used [0x00000000c0000000,0x00000000c1f2b780,0x00000000c4d00000)
 Metaspace       used 57655K, capacity 60210K, committed 60288K, reserved 1101824K
  class space    used 8047K, capacity 8515K, committed 8576K, reserved 1048576K
GC Heap History (10 events):
Event: 5.589 GC heap before
{Heap before GC invocations=12 (full 2):
 PSYoungGen      total 200704K, used 7305K [0x00000000eab00000, 0x00000000f7b80000, 0x0000000100000000)
  eden space 188416K, 0% used [0x00000000eab00000,0x00000000eab00000,0x00000000f6300000)
  from space 12288K, 59% used [0x00000000f6f00000,0x00000000f7622688,0x00000000f7b00000)
  to   space 12288K, 0% used [0x00000000f6300000,0x00000000f6300000,0x00000000f6f00000)
 ParOldGen       total 31232K, used 11780K [0x00000000c0000000, 0x00000000c1e80000, 0x00000000eab00000)
  object space 31232K, 37% used [0x00000000c0000000,0x00000000c0b812b8,0x00000000c1e80000)
 Metaspace       used 34180K, capacity 35356K, committed 35496K, reserved 1079296K
  class space    used 4779K, capacity 5019K, committed 5120K, reserved 1048576K
Event: 5.649 GC heap after
Heap after GC invocations=12 (full 2):
 PSYoungGen      total 200704K, used 0K [0x00000000eab00000, 0x00000000f7b80000, 0x0000000100000000)
  eden space 188416K, 0% used [0x00000000eab00000,0x00000000eab00000,0x00000000f6300000)
  from space 12288K, 0% used [0x00000000f6f00000,0x00000000f6f00000,0x00000000f7b00000)
  to   space 12288K, 0% used [0x00000000f6300000,0x00000000f6300000,0x00000000f6f00000)
 ParOldGen       total 46592K, used 14031K [0x00000000c0000000, 0x00000000c2d80000, 0x00000000eab00000)
  object space 46592K, 30% used [0x00000000c0000000,0x00000000c0db3fe8,0x00000000c2d80000)
 Metaspace       used 34180K, capacity 35356K, committed 35496K, reserved 1079296K
  class space    used 4779K, capacity 5019K, committed 5120K, reserved 1048576K
}
Event: 7.570 GC heap before
{Heap before GC invocations=13 (full 2):
 PSYoungGen      total 200704K, used 188416K [0x00000000eab00000, 0x00000000f7b80000, 0x0000000100000000)
  eden space 188416K, 100% used [0x00000000eab00000,0x00000000f6300000,0x00000000f6300000)
  from space 12288K, 0% used [0x00000000f6f00000,0x00000000f6f00000,0x00000000f7b00000)
  to   space 12288K, 0% used [0x00000000f6300000,0x00000000f6300000,0x00000000f6f00000)
 ParOldGen       total 46592K, used 14031K [0x00000000c0000000, 0x00000000c2d80000, 0x00000000eab00000)
  object space 46592K, 30% used [0x00000000c0000000,0x00000000c0db3fe8,0x00000000c2d80000)
 Metaspace       used 41911K, capacity 43742K, committed 43904K, reserved 1087488K
  class space    used 5830K, capacity 6183K, committed 6272K, reserved 1048576K
Event: 7.585 GC heap after
Heap after GC invocations=13 (full 2):
 PSYoungGen      total 200704K, used 12222K [0x00000000eab00000, 0x00000000fbd80000, 0x0000000100000000)
  eden space 188416K, 0% used [0x00000000eab00000,0x00000000eab00000,0x00000000f6300000)
  from space 12288K, 99% used [0x00000000f6300000,0x00000000f6eef940,0x00000000f6f00000)
  to   space 13824K, 0% used [0x00000000fb000000,0x00000000fb000000,0x00000000fbd80000)
 ParOldGen       total 46592K, used 14039K [0x00000000c0000000, 0x00000000c2d80000, 0x00000000eab00000)
  object space 46592K, 30% used [0x00000000c0000000,0x00000000c0db5fe8,0x00000000c2d80000)
 Metaspace       used 41911K, capacity 43742K, committed 43904K, reserved 1087488K
  class space    used 5830K, capacity 6183K, committed 6272K, reserved 1048576K
}
Event: 9.867 GC heap before
{Heap before GC invocations=14 (full 2):
 PSYoungGen      total 200704K, used 200638K [0x00000000eab00000, 0x00000000fbd80000, 0x0000000100000000)
  eden space 188416K, 100% used [0x00000000eab00000,0x00000000f6300000,0x00000000f6300000)
  from space 12288K, 99% used [0x00000000f6300000,0x00000000f6eef940,0x00000000f6f00000)
  to   space 13824K, 0% used [0x00000000fb000000,0x00000000fb000000,0x00000000fbd80000)
 ParOldGen       total 46592K, used 14039K [0x00000000c0000000, 0x00000000c2d80000, 0x00000000eab00000)
  object space 46592K, 30% used [0x00000000c0000000,0x00000000c0db5fe8,0x00000000c2d80000)
 Metaspace       used 55868K, capacity 58192K, committed 58368K, reserved 1099776K
  class space    used 7742K, capacity 8185K, committed 8192K, reserved 1048576K
Event: 9.919 GC heap after
Heap after GC invocations=14 (full 2):
 PSYoungGen      total 260096K, used 13798K [0x00000000eab00000, 0x00000000fc980000, 0x0000000100000000)
  eden space 246272K, 0% used [0x00000000eab00000,0x00000000eab00000,0x00000000f9b80000)
  from space 13824K, 99% used [0x00000000fb000000,0x00000000fbd79b48,0x00000000fbd80000)
  to   space 20992K, 0% used [0x00000000f9b80000,0x00000000f9b80000,0x00000000fb000000)
 ParOldGen       total 46592K, used 27346K [0x00000000c0000000, 0x00000000c2d80000, 0x00000000eab00000)
  object space 46592K, 58% used [0x00000000c0000000,0x00000000c1ab4a78,0x00000000c2d80000)
 Metaspace       used 55868K, capacity 58192K, committed 58368K, reserved 1099776K
  class space    used 7742K, capacity 8185K, committed 8192K, reserved 1048576K
}
Event: 10.052 GC heap before
{Heap before GC invocations=15 (full 2):
 PSYoungGen      total 260096K, used 22769K [0x00000000eab00000, 0x00000000fc980000, 0x0000000100000000)
  eden space 246272K, 3% used [0x00000000eab00000,0x00000000eb3c2c48,0x00000000f9b80000)
  from space 13824K, 99% used [0x00000000fb000000,0x00000000fbd79b48,0x00000000fbd80000)
  to   space 20992K, 0% used [0x00000000f9b80000,0x00000000f9b80000,0x00000000fb000000)
 ParOldGen       total 46592K, used 27346K [0x00000000c0000000, 0x00000000c2d80000, 0x00000000eab00000)
  object space 46592K, 58% used [0x00000000c0000000,0x00000000c1ab4a78,0x00000000c2d80000)
 Metaspace       used 56552K, capacity 59046K, committed 59160K, reserved 1099776K
  class space    used 7861K, capacity 8308K, committed 8320K, reserved 1048576K
Event: 10.072 GC heap after
Heap after GC invocations=15 (full 2):
 PSYoungGen      total 267264K, used 998K [0x00000000eab00000, 0x0000000100000000, 0x0000000100000000)
  eden space 246272K, 0% used [0x00000000eab00000,0x00000000eab00000,0x00000000f9b80000)
  from space 20992K, 4% used [0x00000000f9b80000,0x00000000f9c79ba0,0x00000000fb000000)
  to   space 20992K, 0% used [0x00000000feb80000,0x00000000feb80000,0x0000000100000000)
 ParOldGen       total 46592K, used 40091K [0x00000000c0000000, 0x00000000c2d80000, 0x00000000eab00000)
  object space 46592K, 86% used [0x00000000c0000000,0x00000000c2726c38,0x00000000c2d80000)
 Metaspace       used 56552K, capacity 59046K, committed 59160K, reserved 1099776K
  class space    used 7861K, capacity 8308K, committed 8320K, reserved 1048576K
}
Event: 10.072 GC heap before
{Heap before GC invocations=16 (full 3):
 PSYoungGen      total 267264K, used 998K [0x00000000eab00000, 0x0000000100000000, 0x0000000100000000)
  eden space 246272K, 0% used [0x00000000eab00000,0x00000000eab00000,0x00000000f9b80000)
  from space 20992K, 4% used [0x00000000f9b80000,0x00000000f9c79ba0,0x00000000fb000000)
  to   space 20992K, 0% used [0x00000000feb80000,0x00000000feb80000,0x0000000100000000)
 ParOldGen       total 46592K, used 40091K [0x00000000c0000000, 0x00000000c2d80000, 0x00000000eab00000)
  object space 46592K, 86% used [0x00000000c0000000,0x00000000c2726c38,0x00000000c2d80000)
 Metaspace       used 56552K, capacity 59046K, committed 59160K, reserved 1099776K
  class space    used 7861K, capacity 8308K, committed 8320K, reserved 1048576K
Event: 10.352 GC heap after
Heap after GC invocations=16 (full 3):
 PSYoungGen      total 267264K, used 0K [0x00000000eab00000, 0x0000000100000000, 0x0000000100000000)
  eden space 246272K, 0% used [0x00000000eab00000,0x00000000eab00000,0x00000000f9b80000)
  from space 20992K, 0% used [0x00000000f9b80000,0x00000000f9b80000,0x00000000fb000000)
  to   space 20992K, 0% used [0x00000000feb80000,0x00000000feb80000,0x0000000100000000)
 ParOldGen       total 78848K, used 31917K [0x00000000c0000000, 0x00000000c4d00000, 0x00000000eab00000)
  object space 78848K, 40% used [0x00000000c0000000,0x00000000c1f2b780,0x00000000c4d00000)
 Metaspace       used 56536K, capacity 58992K, committed 59160K, reserved 1099776K
  class space    used 7856K, capacity 8299K, committed 8320K, reserved 1048576K
}

